{"C:\\AI-BOS\\NEXUSCANON-AFENDA\\apps\\web\\src\\components\\erp\\audit-panel.tsx": {"path":"C:\\AI-BOS\\NEXUSCANON-AFENDA\\apps\\web\\src\\components\\erp\\audit-panel.tsx","all":false,"statementMap":{"0":{"start":{"line":1,"column":0},"end":{"line":1,"column":33}},"1":{"start":{"line":2,"column":0},"end":{"line":2,"column":66}},"2":{"start":{"line":3,"column":0},"end":{"line":3,"column":43}},"10":{"start":{"line":11,"column":0},"end":{"line":11,"column":69}},"11":{"start":{"line":12,"column":0},"end":{"line":12,"column":29}},"12":{"start":{"line":13,"column":0},"end":{"line":13,"column":12}},"13":{"start":{"line":14,"column":0},"end":{"line":14,"column":87}},"15":{"start":{"line":16,"column":0},"end":{"line":16,"column":12}},"17":{"start":{"line":18,"column":0},"end":{"line":18,"column":3}},"19":{"start":{"line":20,"column":0},"end":{"line":20,"column":10}},"20":{"start":{"line":21,"column":0},"end":{"line":21,"column":48}},"21":{"start":{"line":22,"column":0},"end":{"line":22,"column":65}},"22":{"start":{"line":23,"column":0},"end":{"line":23,"column":81}},"23":{"start":{"line":24,"column":0},"end":{"line":24,"column":33}},"24":{"start":{"line":25,"column":0},"end":{"line":25,"column":51}},"25":{"start":{"line":26,"column":0},"end":{"line":26,"column":113}},"26":{"start":{"line":27,"column":0},"end":{"line":27,"column":61}},"27":{"start":{"line":28,"column":0},"end":{"line":28,"column":65}},"28":{"start":{"line":29,"column":0},"end":{"line":29,"column":54}},"29":{"start":{"line":30,"column":0},"end":{"line":30,"column":89}},"30":{"start":{"line":31,"column":0},"end":{"line":31,"column":55}},"31":{"start":{"line":32,"column":0},"end":{"line":32,"column":23}},"32":{"start":{"line":33,"column":0},"end":{"line":33,"column":21}},"33":{"start":{"line":34,"column":0},"end":{"line":34,"column":18}},"34":{"start":{"line":35,"column":0},"end":{"line":35,"column":88}},"35":{"start":{"line":36,"column":0},"end":{"line":36,"column":63}},"36":{"start":{"line":37,"column":0},"end":{"line":37,"column":63}},"37":{"start":{"line":38,"column":0},"end":{"line":38,"column":48}},"38":{"start":{"line":39,"column":0},"end":{"line":39,"column":21}},"39":{"start":{"line":40,"column":0},"end":{"line":40,"column":39}},"40":{"start":{"line":41,"column":0},"end":{"line":41,"column":65}},"41":{"start":{"line":42,"column":0},"end":{"line":42,"column":66}},"42":{"start":{"line":43,"column":0},"end":{"line":43,"column":51}},"43":{"start":{"line":44,"column":0},"end":{"line":44,"column":23}},"45":{"start":{"line":46,"column":0},"end":{"line":46,"column":18}},"46":{"start":{"line":47,"column":0},"end":{"line":47,"column":100}},"47":{"start":{"line":48,"column":0},"end":{"line":48,"column":15}},"48":{"start":{"line":49,"column":0},"end":{"line":49,"column":11}},"49":{"start":{"line":50,"column":0},"end":{"line":50,"column":11}},"50":{"start":{"line":51,"column":0},"end":{"line":51,"column":10}},"52":{"start":{"line":53,"column":0},"end":{"line":53,"column":1}}},"s":{"0":1,"1":1,"2":1,"10":1,"11":10,"12":1,"13":1,"15":1,"17":1,"19":9,"20":9,"21":9,"22":9,"23":9,"24":18,"25":18,"26":18,"27":18,"28":18,"29":18,"30":18,"31":18,"32":18,"33":18,"34":18,"35":18,"36":18,"37":18,"38":18,"39":18,"40":9,"41":9,"42":9,"43":9,"45":18,"46":18,"47":18,"48":9,"49":9,"50":9,"52":9},"branchMap":{"0":{"type":"branch","line":11,"loc":{"start":{"line":11,"column":7},"end":{"line":53,"column":1}},"locations":[{"start":{"line":11,"column":7},"end":{"line":53,"column":1}}]},"1":{"type":"branch","line":12,"loc":{"start":{"line":12,"column":28},"end":{"line":18,"column":3}},"locations":[{"start":{"line":12,"column":28},"end":{"line":18,"column":3}}]},"2":{"type":"branch","line":18,"loc":{"start":{"line":18,"column":2},"end":{"line":53,"column":1}},"locations":[{"start":{"line":18,"column":2},"end":{"line":53,"column":1}}]},"3":{"type":"branch","line":24,"loc":{"start":{"line":24,"column":21},"end":{"line":48,"column":15}},"locations":[{"start":{"line":24,"column":21},"end":{"line":48,"column":15}}]},"4":{"type":"branch","line":38,"loc":{"start":{"line":38,"column":23},"end":{"line":38,"column":48}},"locations":[{"start":{"line":38,"column":23},"end":{"line":38,"column":48}}]},"5":{"type":"branch","line":40,"loc":{"start":{"line":40,"column":21},"end":{"line":44,"column":23}},"locations":[{"start":{"line":40,"column":21},"end":{"line":44,"column":23}}]},"6":{"type":"branch","line":47,"loc":{"start":{"line":47,"column":19},"end":{"line":47,"column":100}},"locations":[{"start":{"line":47,"column":19},"end":{"line":47,"column":100}}]}},"b":{"0":[10],"1":[1],"2":[9],"3":[18],"4":[9],"5":[9],"6":[9]},"fnMap":{"0":{"name":"AuditPanel","decl":{"start":{"line":11,"column":7},"end":{"line":53,"column":1}},"loc":{"start":{"line":11,"column":7},"end":{"line":53,"column":1}},"line":11}},"f":{"0":10}}
,"C:\\AI-BOS\\NEXUSCANON-AFENDA\\apps\\web\\src\\components\\erp\\date-cell.tsx": {"path":"C:\\AI-BOS\\NEXUSCANON-AFENDA\\apps\\web\\src\\components\\erp\\date-cell.tsx","all":false,"statementMap":{"0":{"start":{"line":1,"column":0},"end":{"line":1,"column":33}},"1":{"start":{"line":2,"column":0},"end":{"line":2,"column":78}},"9":{"start":{"line":10,"column":0},"end":{"line":10,"column":81}},"10":{"start":{"line":11,"column":0},"end":{"line":11,"column":19}},"11":{"start":{"line":12,"column":0},"end":{"line":12,"column":25}},"12":{"start":{"line":13,"column":0},"end":{"line":13,"column":28}},"13":{"start":{"line":14,"column":0},"end":{"line":14,"column":29}},"14":{"start":{"line":15,"column":0},"end":{"line":15,"column":34}},"15":{"start":{"line":16,"column":0},"end":{"line":16,"column":35}},"17":{"start":{"line":18,"column":0},"end":{"line":18,"column":10}},"18":{"start":{"line":19,"column":0},"end":{"line":19,"column":9}},"19":{"start":{"line":20,"column":0},"end":{"line":20,"column":69}},"20":{"start":{"line":21,"column":0},"end":{"line":21,"column":64}},"22":{"start":{"line":23,"column":0},"end":{"line":23,"column":17}},"23":{"start":{"line":24,"column":0},"end":{"line":24,"column":11}},"25":{"start":{"line":26,"column":0},"end":{"line":26,"column":1}}},"s":{"0":1,"1":1,"9":1,"10":8,"11":8,"12":1,"13":7,"14":0,"15":7,"17":8,"18":8,"19":8,"20":8,"22":8,"23":8,"25":8},"branchMap":{"0":{"type":"branch","line":10,"loc":{"start":{"line":10,"column":7},"end":{"line":26,"column":1}},"locations":[{"start":{"line":10,"column":7},"end":{"line":26,"column":1}}]},"1":{"type":"branch","line":12,"loc":{"start":{"line":12,"column":15},"end":{"line":13,"column":28}},"locations":[{"start":{"line":12,"column":15},"end":{"line":13,"column":28}}]},"2":{"type":"branch","line":13,"loc":{"start":{"line":13,"column":27},"end":{"line":16,"column":35}},"locations":[{"start":{"line":13,"column":27},"end":{"line":16,"column":35}}]},"3":{"type":"branch","line":14,"loc":{"start":{"line":14,"column":19},"end":{"line":15,"column":34}},"locations":[{"start":{"line":14,"column":19},"end":{"line":15,"column":34}}]},"4":{"type":"branch","line":20,"loc":{"start":{"line":20,"column":32},"end":{"line":20,"column":50}},"locations":[{"start":{"line":20,"column":32},"end":{"line":20,"column":50}}]},"5":{"type":"branch","line":20,"loc":{"start":{"line":20,"column":43},"end":{"line":20,"column":69}},"locations":[{"start":{"line":20,"column":43},"end":{"line":20,"column":69}}]}},"b":{"0":[8],"1":[1],"2":[7],"3":[0],"4":[7],"5":[1]},"fnMap":{"0":{"name":"DateCell","decl":{"start":{"line":10,"column":7},"end":{"line":26,"column":1}},"loc":{"start":{"line":10,"column":7},"end":{"line":26,"column":1}},"line":10}},"f":{"0":8}}
,"C:\\AI-BOS\\NEXUSCANON-AFENDA\\apps\\web\\src\\components\\erp\\empty-state.tsx": {"path":"C:\\AI-BOS\\NEXUSCANON-AFENDA\\apps\\web\\src\\components\\erp\\empty-state.tsx","all":false,"statementMap":{"0":{"start":{"line":1,"column":0},"end":{"line":1,"column":33}},"1":{"start":{"line":2,"column":0},"end":{"line":2,"column":37}},"11":{"start":{"line":12,"column":0},"end":{"line":12,"column":28}},"12":{"start":{"line":13,"column":0},"end":{"line":13,"column":8}},"13":{"start":{"line":14,"column":0},"end":{"line":14,"column":14}},"14":{"start":{"line":15,"column":0},"end":{"line":15,"column":21}},"15":{"start":{"line":16,"column":0},"end":{"line":16,"column":9}},"16":{"start":{"line":17,"column":0},"end":{"line":17,"column":12}},"17":{"start":{"line":18,"column":0},"end":{"line":18,"column":21}},"18":{"start":{"line":19,"column":0},"end":{"line":19,"column":10}},"19":{"start":{"line":20,"column":0},"end":{"line":20,"column":8}},"20":{"start":{"line":21,"column":0},"end":{"line":21,"column":20}},"21":{"start":{"line":22,"column":0},"end":{"line":22,"column":102}},"22":{"start":{"line":23,"column":0},"end":{"line":23,"column":17}},"23":{"start":{"line":24,"column":0},"end":{"line":24,"column":8}},"25":{"start":{"line":26,"column":0},"end":{"line":26,"column":80}},"26":{"start":{"line":27,"column":0},"end":{"line":27,"column":61}},"27":{"start":{"line":28,"column":0},"end":{"line":28,"column":99}},"28":{"start":{"line":29,"column":0},"end":{"line":29,"column":54}},"29":{"start":{"line":30,"column":0},"end":{"line":30,"column":10}},"31":{"start":{"line":32,"column":0},"end":{"line":32,"column":1}}},"s":{"0":1,"1":1,"11":1,"12":8,"13":8,"14":8,"15":8,"16":8,"17":8,"18":8,"19":8,"20":8,"21":8,"22":8,"23":8,"25":8,"26":8,"27":8,"28":8,"29":8,"31":8},"branchMap":{"0":{"type":"branch","line":12,"loc":{"start":{"line":12,"column":7},"end":{"line":32,"column":1}},"locations":[{"start":{"line":12,"column":7},"end":{"line":32,"column":1}}]},"1":{"type":"branch","line":28,"loc":{"start":{"line":28,"column":7},"end":{"line":28,"column":99}},"locations":[{"start":{"line":28,"column":7},"end":{"line":28,"column":99}}]},"2":{"type":"branch","line":29,"loc":{"start":{"line":29,"column":7},"end":{"line":29,"column":54}},"locations":[{"start":{"line":29,"column":7},"end":{"line":29,"column":54}}]}},"b":{"0":[8],"1":[2],"2":[1]},"fnMap":{"0":{"name":"EmptyState","decl":{"start":{"line":12,"column":7},"end":{"line":32,"column":1}},"loc":{"start":{"line":12,"column":7},"end":{"line":32,"column":1}},"line":12}},"f":{"0":8}}
,"C:\\AI-BOS\\NEXUSCANON-AFENDA\\apps\\web\\src\\components\\erp\\money-cell.tsx": {"path":"C:\\AI-BOS\\NEXUSCANON-AFENDA\\apps\\web\\src\\components\\erp\\money-cell.tsx","all":false,"statementMap":{"0":{"start":{"line":1,"column":0},"end":{"line":1,"column":33}},"1":{"start":{"line":2,"column":0},"end":{"line":2,"column":43}},"10":{"start":{"line":11,"column":0},"end":{"line":11,"column":27}},"11":{"start":{"line":12,"column":0},"end":{"line":12,"column":9}},"12":{"start":{"line":13,"column":0},"end":{"line":13,"column":19}},"13":{"start":{"line":14,"column":0},"end":{"line":14,"column":12}},"14":{"start":{"line":15,"column":0},"end":{"line":15,"column":19}},"15":{"start":{"line":16,"column":0},"end":{"line":16,"column":20}},"16":{"start":{"line":17,"column":0},"end":{"line":17,"column":23}},"17":{"start":{"line":18,"column":0},"end":{"line":18,"column":30}},"18":{"start":{"line":19,"column":0},"end":{"line":19,"column":22}},"19":{"start":{"line":20,"column":0},"end":{"line":20,"column":34}},"20":{"start":{"line":21,"column":0},"end":{"line":21,"column":28}},"21":{"start":{"line":22,"column":0},"end":{"line":22,"column":17}},"22":{"start":{"line":23,"column":0},"end":{"line":23,"column":39}},"24":{"start":{"line":25,"column":0},"end":{"line":25,"column":10}},"25":{"start":{"line":26,"column":0},"end":{"line":26,"column":9}},"26":{"start":{"line":27,"column":0},"end":{"line":27,"column":20}},"27":{"start":{"line":28,"column":0},"end":{"line":28,"column":52}},"28":{"start":{"line":29,"column":0},"end":{"line":29,"column":41}},"29":{"start":{"line":30,"column":0},"end":{"line":30,"column":17}},"30":{"start":{"line":31,"column":0},"end":{"line":31,"column":8}},"32":{"start":{"line":33,"column":0},"end":{"line":33,"column":51}},"33":{"start":{"line":34,"column":0},"end":{"line":34,"column":11}},"35":{"start":{"line":36,"column":0},"end":{"line":36,"column":1}}},"s":{"0":1,"1":1,"10":1,"11":122,"12":122,"13":122,"14":122,"15":122,"16":122,"17":122,"18":1,"19":121,"20":1,"21":120,"22":122,"24":122,"25":122,"26":122,"27":122,"28":122,"29":122,"30":122,"32":122,"33":122,"35":122},"branchMap":{"0":{"type":"branch","line":11,"loc":{"start":{"line":11,"column":7},"end":{"line":36,"column":1}},"locations":[{"start":{"line":11,"column":7},"end":{"line":36,"column":1}}]},"1":{"type":"branch","line":18,"loc":{"start":{"line":18,"column":22},"end":{"line":19,"column":22}},"locations":[{"start":{"line":18,"column":22},"end":{"line":19,"column":22}}]},"2":{"type":"branch","line":19,"loc":{"start":{"line":19,"column":21},"end":{"line":22,"column":17}},"locations":[{"start":{"line":19,"column":21},"end":{"line":22,"column":17}}]},"3":{"type":"branch","line":20,"loc":{"start":{"line":20,"column":26},"end":{"line":21,"column":28}},"locations":[{"start":{"line":20,"column":26},"end":{"line":21,"column":28}}]},"4":{"type":"branch","line":21,"loc":{"start":{"line":21,"column":27},"end":{"line":22,"column":17}},"locations":[{"start":{"line":21,"column":27},"end":{"line":22,"column":17}}]},"5":{"type":"branch","line":29,"loc":{"start":{"line":29,"column":8},"end":{"line":29,"column":41}},"locations":[{"start":{"line":29,"column":8},"end":{"line":29,"column":41}}]}},"b":{"0":[122],"1":[1],"2":[121],"3":[1],"4":[120],"5":[1]},"fnMap":{"0":{"name":"MoneyCell","decl":{"start":{"line":11,"column":7},"end":{"line":36,"column":1}},"loc":{"start":{"line":11,"column":7},"end":{"line":36,"column":1}},"line":11}},"f":{"0":122}}
,"C:\\AI-BOS\\NEXUSCANON-AFENDA\\apps\\web\\src\\components\\erp\\page-header.tsx": {"path":"C:\\AI-BOS\\NEXUSCANON-AFENDA\\apps\\web\\src\\components\\erp\\page-header.tsx","all":false,"statementMap":{"0":{"start":{"line":1,"column":0},"end":{"line":1,"column":33}},"1":{"start":{"line":2,"column":0},"end":{"line":2,"column":44}},"16":{"start":{"line":17,"column":0},"end":{"line":17,"column":28}},"17":{"start":{"line":18,"column":0},"end":{"line":18,"column":8}},"18":{"start":{"line":19,"column":0},"end":{"line":19,"column":14}},"19":{"start":{"line":20,"column":0},"end":{"line":20,"column":14}},"20":{"start":{"line":21,"column":0},"end":{"line":21,"column":10}},"21":{"start":{"line":22,"column":0},"end":{"line":22,"column":12}},"22":{"start":{"line":23,"column":0},"end":{"line":23,"column":21}},"23":{"start":{"line":24,"column":0},"end":{"line":24,"column":10}},"24":{"start":{"line":25,"column":0},"end":{"line":25,"column":48}},"25":{"start":{"line":26,"column":0},"end":{"line":26,"column":49}},"26":{"start":{"line":27,"column":0},"end":{"line":27,"column":37}},"27":{"start":{"line":28,"column":0},"end":{"line":28,"column":80}},"28":{"start":{"line":29,"column":0},"end":{"line":29,"column":44}},"29":{"start":{"line":30,"column":0},"end":{"line":30,"column":72}},"30":{"start":{"line":31,"column":0},"end":{"line":31,"column":82}},"31":{"start":{"line":32,"column":0},"end":{"line":32,"column":31}},"32":{"start":{"line":33,"column":0},"end":{"line":33,"column":73}},"33":{"start":{"line":34,"column":0},"end":{"line":34,"column":33}},"34":{"start":{"line":35,"column":0},"end":{"line":35,"column":22}},"36":{"start":{"line":37,"column":0},"end":{"line":37,"column":64}},"38":{"start":{"line":39,"column":0},"end":{"line":39,"column":19}},"39":{"start":{"line":40,"column":0},"end":{"line":40,"column":15}},"40":{"start":{"line":41,"column":0},"end":{"line":41,"column":15}},"41":{"start":{"line":42,"column":0},"end":{"line":42,"column":14}},"43":{"start":{"line":44,"column":0},"end":{"line":44,"column":57}},"44":{"start":{"line":45,"column":0},"end":{"line":45,"column":13}},"45":{"start":{"line":46,"column":0},"end":{"line":46,"column":72}},"46":{"start":{"line":47,"column":0},"end":{"line":47,"column":89}},"47":{"start":{"line":48,"column":0},"end":{"line":48,"column":14}},"48":{"start":{"line":49,"column":0},"end":{"line":49,"column":77}},"49":{"start":{"line":50,"column":0},"end":{"line":50,"column":12}},"50":{"start":{"line":51,"column":0},"end":{"line":51,"column":10}},"52":{"start":{"line":53,"column":0},"end":{"line":53,"column":1}}},"s":{"0":1,"1":1,"16":1,"17":11,"18":11,"19":11,"20":11,"21":11,"22":11,"23":11,"24":11,"25":11,"26":4,"27":4,"28":4,"29":9,"30":9,"31":9,"32":5,"33":5,"34":5,"36":4,"38":9,"39":4,"40":4,"41":4,"43":11,"44":11,"45":11,"46":11,"47":11,"48":11,"49":11,"50":11,"52":11},"branchMap":{"0":{"type":"branch","line":17,"loc":{"start":{"line":17,"column":7},"end":{"line":53,"column":1}},"locations":[{"start":{"line":17,"column":7},"end":{"line":53,"column":1}}]},"1":{"type":"branch","line":26,"loc":{"start":{"line":26,"column":7},"end":{"line":26,"column":49}},"locations":[{"start":{"line":26,"column":7},"end":{"line":26,"column":49}}]},"2":{"type":"branch","line":26,"loc":{"start":{"line":26,"column":43},"end":{"line":42,"column":14}},"locations":[{"start":{"line":26,"column":43},"end":{"line":42,"column":14}}]},"3":{"type":"branch","line":47,"loc":{"start":{"line":47,"column":11},"end":{"line":47,"column":89}},"locations":[{"start":{"line":47,"column":11},"end":{"line":47,"column":89}}]},"4":{"type":"branch","line":49,"loc":{"start":{"line":49,"column":9},"end":{"line":49,"column":77}},"locations":[{"start":{"line":49,"column":9},"end":{"line":49,"column":77}}]},"5":{"type":"branch","line":29,"loc":{"start":{"line":29,"column":29},"end":{"line":39,"column":19}},"locations":[{"start":{"line":29,"column":29},"end":{"line":39,"column":19}}]},"6":{"type":"branch","line":31,"loc":{"start":{"line":31,"column":21},"end":{"line":31,"column":82}},"locations":[{"start":{"line":31,"column":21},"end":{"line":31,"column":82}}]},"7":{"type":"branch","line":32,"loc":{"start":{"line":32,"column":23},"end":{"line":35,"column":22}},"locations":[{"start":{"line":32,"column":23},"end":{"line":35,"column":22}}]},"8":{"type":"branch","line":35,"loc":{"start":{"line":35,"column":18},"end":{"line":37,"column":64}},"locations":[{"start":{"line":35,"column":18},"end":{"line":37,"column":64}}]}},"b":{"0":[11],"1":[5],"2":[4],"3":[2],"4":[2],"5":[9],"6":[5],"7":[5],"8":[4]},"fnMap":{"0":{"name":"PageHeader","decl":{"start":{"line":17,"column":7},"end":{"line":53,"column":1}},"loc":{"start":{"line":17,"column":7},"end":{"line":53,"column":1}},"line":17}},"f":{"0":11}}
,"C:\\AI-BOS\\NEXUSCANON-AFENDA\\apps\\web\\src\\components\\erp\\receipt-panel.tsx": {"path":"C:\\AI-BOS\\NEXUSCANON-AFENDA\\apps\\web\\src\\components\\erp\\receipt-panel.tsx","all":false,"statementMap":{"2":{"start":{"line":3,"column":0},"end":{"line":3,"column":71}},"3":{"start":{"line":4,"column":0},"end":{"line":4,"column":33}},"4":{"start":{"line":5,"column":0},"end":{"line":5,"column":58}},"16":{"start":{"line":17,"column":0},"end":{"line":17,"column":30}},"17":{"start":{"line":18,"column":0},"end":{"line":18,"column":10}},"18":{"start":{"line":19,"column":0},"end":{"line":19,"column":8}},"19":{"start":{"line":20,"column":0},"end":{"line":20,"column":10}},"20":{"start":{"line":21,"column":0},"end":{"line":21,"column":11}},"21":{"start":{"line":22,"column":0},"end":{"line":22,"column":11}},"22":{"start":{"line":23,"column":0},"end":{"line":23,"column":12}},"23":{"start":{"line":24,"column":0},"end":{"line":24,"column":23}},"24":{"start":{"line":25,"column":0},"end":{"line":25,"column":10}},"25":{"start":{"line":26,"column":0},"end":{"line":26,"column":8}},"26":{"start":{"line":27,"column":0},"end":{"line":27,"column":19}},"27":{"start":{"line":28,"column":0},"end":{"line":28,"column":24}},"28":{"start":{"line":29,"column":0},"end":{"line":29,"column":88}},"30":{"start":{"line":31,"column":0},"end":{"line":31,"column":56}},"31":{"start":{"line":32,"column":0},"end":{"line":32,"column":49}},"32":{"start":{"line":33,"column":0},"end":{"line":33,"column":77}},"33":{"start":{"line":34,"column":0},"end":{"line":34,"column":84}},"34":{"start":{"line":35,"column":0},"end":{"line":35,"column":14}},"35":{"start":{"line":36,"column":0},"end":{"line":36,"column":15}},"36":{"start":{"line":37,"column":0},"end":{"line":37,"column":23}},"37":{"start":{"line":38,"column":0},"end":{"line":38,"column":27}},"38":{"start":{"line":39,"column":0},"end":{"line":39,"column":69}},"39":{"start":{"line":40,"column":0},"end":{"line":40,"column":38}},"41":{"start":{"line":42,"column":0},"end":{"line":42,"column":35}},"42":{"start":{"line":43,"column":0},"end":{"line":43,"column":17}},"43":{"start":{"line":44,"column":0},"end":{"line":44,"column":12}},"45":{"start":{"line":46,"column":0},"end":{"line":46,"column":45}},"46":{"start":{"line":47,"column":0},"end":{"line":47,"column":46}},"47":{"start":{"line":48,"column":0},"end":{"line":48,"column":52}},"48":{"start":{"line":49,"column":0},"end":{"line":49,"column":84}},"49":{"start":{"line":50,"column":0},"end":{"line":50,"column":14}},"50":{"start":{"line":51,"column":0},"end":{"line":51,"column":46}},"51":{"start":{"line":52,"column":0},"end":{"line":52,"column":56}},"52":{"start":{"line":53,"column":0},"end":{"line":53,"column":92}},"53":{"start":{"line":54,"column":0},"end":{"line":54,"column":14}},"54":{"start":{"line":55,"column":0},"end":{"line":55,"column":30}},"55":{"start":{"line":56,"column":0},"end":{"line":56,"column":48}},"56":{"start":{"line":57,"column":0},"end":{"line":57,"column":55}},"57":{"start":{"line":58,"column":0},"end":{"line":58,"column":85}},"58":{"start":{"line":59,"column":0},"end":{"line":59,"column":16}},"60":{"start":{"line":61,"column":0},"end":{"line":61,"column":46}},"61":{"start":{"line":62,"column":0},"end":{"line":62,"column":59}},"62":{"start":{"line":63,"column":0},"end":{"line":63,"column":60}},"63":{"start":{"line":64,"column":0},"end":{"line":64,"column":48}},"64":{"start":{"line":65,"column":0},"end":{"line":65,"column":15}},"65":{"start":{"line":66,"column":0},"end":{"line":66,"column":14}},"66":{"start":{"line":67,"column":0},"end":{"line":67,"column":11}},"68":{"start":{"line":69,"column":0},"end":{"line":69,"column":39}},"69":{"start":{"line":70,"column":0},"end":{"line":70,"column":22}},"70":{"start":{"line":71,"column":0},"end":{"line":71,"column":12}},"71":{"start":{"line":72,"column":0},"end":{"line":72,"column":27}},"72":{"start":{"line":73,"column":0},"end":{"line":73,"column":152}},"74":{"start":{"line":75,"column":0},"end":{"line":75,"column":48}},"76":{"start":{"line":77,"column":0},"end":{"line":77,"column":14}},"78":{"start":{"line":79,"column":0},"end":{"line":79,"column":22}},"79":{"start":{"line":80,"column":0},"end":{"line":80,"column":12}},"80":{"start":{"line":81,"column":0},"end":{"line":81,"column":27}},"81":{"start":{"line":82,"column":0},"end":{"line":82,"column":155}},"83":{"start":{"line":84,"column":0},"end":{"line":84,"column":45}},"85":{"start":{"line":86,"column":0},"end":{"line":86,"column":14}},"87":{"start":{"line":88,"column":0},"end":{"line":88,"column":12}},"88":{"start":{"line":89,"column":0},"end":{"line":89,"column":10}},"90":{"start":{"line":91,"column":0},"end":{"line":91,"column":1}}},"s":{"2":1,"3":1,"4":1,"16":1,"17":13,"18":13,"19":13,"20":13,"21":13,"22":13,"23":13,"24":13,"25":13,"26":13,"27":13,"28":13,"30":13,"31":13,"32":13,"33":13,"34":13,"35":13,"36":13,"37":13,"38":13,"39":13,"41":13,"42":13,"43":13,"45":13,"46":13,"47":13,"48":13,"49":13,"50":13,"51":13,"52":13,"53":13,"54":13,"55":12,"56":12,"57":12,"58":12,"60":13,"61":13,"62":13,"63":13,"64":13,"65":13,"66":13,"68":13,"69":13,"70":3,"71":3,"72":3,"74":3,"76":3,"78":13,"79":3,"80":3,"81":3,"83":3,"85":3,"87":13,"88":13,"90":13},"branchMap":{"0":{"type":"branch","line":17,"loc":{"start":{"line":17,"column":7},"end":{"line":91,"column":1}},"locations":[{"start":{"line":17,"column":7},"end":{"line":91,"column":1}}]},"1":{"type":"branch","line":55,"loc":{"start":{"line":55,"column":17},"end":{"line":59,"column":16}},"locations":[{"start":{"line":55,"column":17},"end":{"line":59,"column":16}}]},"2":{"type":"branch","line":70,"loc":{"start":{"line":70,"column":9},"end":{"line":77,"column":14}},"locations":[{"start":{"line":70,"column":9},"end":{"line":77,"column":14}}]},"3":{"type":"branch","line":79,"loc":{"start":{"line":79,"column":9},"end":{"line":86,"column":14}},"locations":[{"start":{"line":79,"column":9},"end":{"line":86,"column":14}}]}},"b":{"0":[13],"1":[12],"2":[3],"3":[3]},"fnMap":{"0":{"name":"ReceiptPanel","decl":{"start":{"line":17,"column":7},"end":{"line":91,"column":1}},"loc":{"start":{"line":17,"column":7},"end":{"line":91,"column":1}},"line":17}},"f":{"0":13}}
,"C:\\AI-BOS\\NEXUSCANON-AFENDA\\apps\\web\\src\\components\\erp\\status-badge.tsx": {"path":"C:\\AI-BOS\\NEXUSCANON-AFENDA\\apps\\web\\src\\components\\erp\\status-badge.tsx","all":false,"statementMap":{"0":{"start":{"line":1,"column":0},"end":{"line":1,"column":33}},"1":{"start":{"line":2,"column":0},"end":{"line":2,"column":50}},"2":{"start":{"line":3,"column":0},"end":{"line":3,"column":95}},"4":{"start":{"line":5,"column":0},"end":{"line":5,"column":56}},"5":{"start":{"line":6,"column":0},"end":{"line":6,"column":18}},"6":{"start":{"line":7,"column":0},"end":{"line":7,"column":22}},"7":{"start":{"line":8,"column":0},"end":{"line":8,"column":18}},"8":{"start":{"line":9,"column":0},"end":{"line":9,"column":18}},"9":{"start":{"line":10,"column":0},"end":{"line":10,"column":26}},"10":{"start":{"line":11,"column":0},"end":{"line":11,"column":24}},"11":{"start":{"line":12,"column":0},"end":{"line":12,"column":20}},"12":{"start":{"line":13,"column":0},"end":{"line":13,"column":24}},"13":{"start":{"line":14,"column":0},"end":{"line":14,"column":21}},"14":{"start":{"line":15,"column":0},"end":{"line":15,"column":23}},"15":{"start":{"line":16,"column":0},"end":{"line":16,"column":20}},"16":{"start":{"line":17,"column":0},"end":{"line":17,"column":15}},"17":{"start":{"line":18,"column":0},"end":{"line":18,"column":15}},"18":{"start":{"line":19,"column":0},"end":{"line":19,"column":2}},"20":{"start":{"line":21,"column":0},"end":{"line":21,"column":47}},"21":{"start":{"line":22,"column":0},"end":{"line":22,"column":58}},"22":{"start":{"line":23,"column":0},"end":{"line":23,"column":60}},"23":{"start":{"line":24,"column":0},"end":{"line":24,"column":74}},"24":{"start":{"line":25,"column":0},"end":{"line":25,"column":49}},"25":{"start":{"line":26,"column":0},"end":{"line":26,"column":2}},"33":{"start":{"line":34,"column":0},"end":{"line":34,"column":87}},"34":{"start":{"line":35,"column":0},"end":{"line":35,"column":41}},"35":{"start":{"line":36,"column":0},"end":{"line":36,"column":35}},"37":{"start":{"line":38,"column":0},"end":{"line":38,"column":10}},"38":{"start":{"line":39,"column":0},"end":{"line":39,"column":9}},"39":{"start":{"line":40,"column":0},"end":{"line":40,"column":20}},"40":{"start":{"line":41,"column":0},"end":{"line":41,"column":95}},"41":{"start":{"line":42,"column":0},"end":{"line":42,"column":65}},"42":{"start":{"line":43,"column":0},"end":{"line":43,"column":17}},"43":{"start":{"line":44,"column":0},"end":{"line":44,"column":8}},"45":{"start":{"line":46,"column":0},"end":{"line":46,"column":75}},"46":{"start":{"line":47,"column":0},"end":{"line":47,"column":20}},"47":{"start":{"line":48,"column":0},"end":{"line":48,"column":11}},"49":{"start":{"line":50,"column":0},"end":{"line":50,"column":1}}},"s":{"0":1,"1":1,"2":1,"4":1,"5":1,"6":1,"7":1,"8":1,"9":1,"10":1,"11":1,"12":1,"13":1,"14":1,"15":1,"16":1,"17":1,"18":1,"20":1,"21":1,"22":1,"23":1,"24":1,"25":1,"33":1,"34":13,"35":13,"37":13,"38":13,"39":13,"40":13,"41":13,"42":13,"43":13,"45":13,"46":13,"47":13,"49":13},"branchMap":{"0":{"type":"branch","line":34,"loc":{"start":{"line":34,"column":7},"end":{"line":50,"column":1}},"locations":[{"start":{"line":34,"column":7},"end":{"line":50,"column":1}}]},"1":{"type":"branch","line":42,"loc":{"start":{"line":42,"column":36},"end":{"line":42,"column":65}},"locations":[{"start":{"line":42,"column":36},"end":{"line":42,"column":65}}]},"2":{"type":"branch","line":46,"loc":{"start":{"line":46,"column":7},"end":{"line":46,"column":27}},"locations":[{"start":{"line":46,"column":7},"end":{"line":46,"column":27}}]},"3":{"type":"branch","line":46,"loc":{"start":{"line":46,"column":19},"end":{"line":46,"column":75}},"locations":[{"start":{"line":46,"column":19},"end":{"line":46,"column":75}}]}},"b":{"0":[13],"1":[0],"2":[12],"3":[11]},"fnMap":{"0":{"name":"StatusBadge","decl":{"start":{"line":34,"column":7},"end":{"line":50,"column":1}},"loc":{"start":{"line":34,"column":7},"end":{"line":50,"column":1}},"line":34}},"f":{"0":13}}
,"C:\\AI-BOS\\NEXUSCANON-AFENDA\\apps\\web\\src\\features\\finance\\journals\\forms\\journal-draft-form.tsx": {"path":"C:\\AI-BOS\\NEXUSCANON-AFENDA\\apps\\web\\src\\features\\finance\\journals\\forms\\journal-draft-form.tsx","all":false,"statementMap":{"2":{"start":{"line":3,"column":0},"end":{"line":3,"column":41}},"3":{"start":{"line":4,"column":0},"end":{"line":4,"column":42}},"4":{"start":{"line":5,"column":0},"end":{"line":5,"column":54}},"5":{"start":{"line":6,"column":0},"end":{"line":6,"column":76}},"6":{"start":{"line":7,"column":0},"end":{"line":7,"column":68}},"7":{"start":{"line":8,"column":0},"end":{"line":8,"column":49}},"8":{"start":{"line":9,"column":0},"end":{"line":9,"column":62}},"9":{"start":{"line":10,"column":0},"end":{"line":10,"column":48}},"10":{"start":{"line":11,"column":0},"end":{"line":11,"column":46}},"11":{"start":{"line":12,"column":0},"end":{"line":12,"column":46}},"12":{"start":{"line":13,"column":0},"end":{"line":13,"column":41}},"14":{"start":{"line":15,"column":0},"end":{"line":15,"column":29}},"22":{"start":{"line":23,"column":0},"end":{"line":23,"column":34}},"23":{"start":{"line":24,"column":0},"end":{"line":24,"column":11}},"24":{"start":{"line":25,"column":0},"end":{"line":25,"column":18}},"25":{"start":{"line":26,"column":0},"end":{"line":26,"column":19}},"26":{"start":{"line":27,"column":0},"end":{"line":27,"column":27}},"27":{"start":{"line":28,"column":0},"end":{"line":28,"column":54}},"28":{"start":{"line":29,"column":0},"end":{"line":29,"column":58}},"29":{"start":{"line":30,"column":0},"end":{"line":30,"column":70}},"32":{"start":{"line":33,"column":0},"end":{"line":33,"column":56}},"34":{"start":{"line":35,"column":0},"end":{"line":35,"column":39}},"35":{"start":{"line":36,"column":0},"end":{"line":36,"column":47}},"36":{"start":{"line":37,"column":0},"end":{"line":37,"column":20}},"37":{"start":{"line":38,"column":0},"end":{"line":38,"column":40}},"38":{"start":{"line":39,"column":0},"end":{"line":39,"column":38}},"39":{"start":{"line":40,"column":0},"end":{"line":40,"column":22}},"40":{"start":{"line":41,"column":0},"end":{"line":41,"column":51}},"41":{"start":{"line":42,"column":0},"end":{"line":42,"column":14}},"42":{"start":{"line":43,"column":0},"end":{"line":43,"column":66}},"43":{"start":{"line":44,"column":0},"end":{"line":44,"column":66}},"44":{"start":{"line":45,"column":0},"end":{"line":45,"column":8}},"45":{"start":{"line":46,"column":0},"end":{"line":46,"column":6}},"46":{"start":{"line":47,"column":0},"end":{"line":47,"column":5}},"48":{"start":{"line":49,"column":0},"end":{"line":49,"column":52}},"50":{"start":{"line":51,"column":0},"end":{"line":51,"column":74}},"51":{"start":{"line":52,"column":0},"end":{"line":52,"column":76}},"52":{"start":{"line":53,"column":0},"end":{"line":53,"column":37}},"53":{"start":{"line":54,"column":0},"end":{"line":54,"column":63}},"54":{"start":{"line":55,"column":0},"end":{"line":55,"column":13}},"55":{"start":{"line":56,"column":0},"end":{"line":56,"column":5}},"57":{"start":{"line":58,"column":0},"end":{"line":58,"column":24}},"58":{"start":{"line":59,"column":0},"end":{"line":59,"column":19}},"60":{"start":{"line":61,"column":0},"end":{"line":61,"column":40}},"62":{"start":{"line":63,"column":0},"end":{"line":63,"column":25}},"64":{"start":{"line":65,"column":0},"end":{"line":65,"column":20}},"65":{"start":{"line":66,"column":0},"end":{"line":66,"column":32}},"67":{"start":{"line":68,"column":0},"end":{"line":68,"column":54}},"68":{"start":{"line":69,"column":0},"end":{"line":69,"column":12}},"69":{"start":{"line":70,"column":0},"end":{"line":70,"column":37}},"70":{"start":{"line":71,"column":0},"end":{"line":71,"column":5}},"71":{"start":{"line":72,"column":0},"end":{"line":72,"column":3}},"73":{"start":{"line":74,"column":0},"end":{"line":74,"column":26}},"74":{"start":{"line":75,"column":0},"end":{"line":75,"column":12}},"75":{"start":{"line":76,"column":0},"end":{"line":76,"column":19}},"76":{"start":{"line":77,"column":0},"end":{"line":77,"column":25}},"77":{"start":{"line":78,"column":0},"end":{"line":78,"column":44}},"78":{"start":{"line":79,"column":0},"end":{"line":79,"column":30}},"79":{"start":{"line":80,"column":0},"end":{"line":80,"column":66}},"80":{"start":{"line":81,"column":0},"end":{"line":81,"column":42}},"81":{"start":{"line":82,"column":0},"end":{"line":82,"column":8}},"83":{"start":{"line":84,"column":0},"end":{"line":84,"column":3}},"85":{"start":{"line":86,"column":0},"end":{"line":86,"column":10}},"86":{"start":{"line":87,"column":0},"end":{"line":87,"column":75}},"87":{"start":{"line":88,"column":0},"end":{"line":88,"column":49}},"88":{"start":{"line":89,"column":0},"end":{"line":89,"column":35}},"89":{"start":{"line":90,"column":0},"end":{"line":90,"column":39}},"90":{"start":{"line":91,"column":0},"end":{"line":91,"column":67}},"91":{"start":{"line":92,"column":0},"end":{"line":92,"column":18}},"92":{"start":{"line":93,"column":0},"end":{"line":93,"column":16}},"93":{"start":{"line":94,"column":0},"end":{"line":94,"column":28}},"94":{"start":{"line":95,"column":0},"end":{"line":95,"column":45}},"95":{"start":{"line":96,"column":0},"end":{"line":96,"column":45}},"96":{"start":{"line":97,"column":0},"end":{"line":97,"column":12}},"97":{"start":{"line":98,"column":0},"end":{"line":98,"column":49}},"98":{"start":{"line":99,"column":0},"end":{"line":99,"column":65}},"99":{"start":{"line":100,"column":0},"end":{"line":100,"column":57}},"100":{"start":{"line":101,"column":0},"end":{"line":101,"column":16}},"102":{"start":{"line":103,"column":0},"end":{"line":103,"column":14}},"104":{"start":{"line":105,"column":0},"end":{"line":105,"column":35}},"105":{"start":{"line":106,"column":0},"end":{"line":106,"column":32}},"106":{"start":{"line":107,"column":0},"end":{"line":107,"column":68}},"107":{"start":{"line":108,"column":0},"end":{"line":108,"column":18}},"108":{"start":{"line":109,"column":0},"end":{"line":109,"column":68}},"109":{"start":{"line":110,"column":0},"end":{"line":110,"column":42}},"110":{"start":{"line":111,"column":0},"end":{"line":111,"column":65}},"111":{"start":{"line":112,"column":0},"end":{"line":112,"column":50}},"112":{"start":{"line":113,"column":0},"end":{"line":113,"column":16}},"114":{"start":{"line":115,"column":0},"end":{"line":115,"column":14}},"115":{"start":{"line":116,"column":0},"end":{"line":116,"column":12}},"117":{"start":{"line":118,"column":0},"end":{"line":118,"column":40}},"119":{"start":{"line":120,"column":0},"end":{"line":120,"column":17}},"120":{"start":{"line":121,"column":0},"end":{"line":121,"column":12}},"121":{"start":{"line":122,"column":0},"end":{"line":122,"column":108}},"122":{"start":{"line":123,"column":0},"end":{"line":123,"column":22}},"124":{"start":{"line":125,"column":0},"end":{"line":125,"column":17}},"125":{"start":{"line":126,"column":0},"end":{"line":126,"column":14}},"128":{"start":{"line":129,"column":0},"end":{"line":129,"column":46}},"129":{"start":{"line":130,"column":0},"end":{"line":130,"column":42}},"130":{"start":{"line":131,"column":0},"end":{"line":131,"column":60}},"131":{"start":{"line":132,"column":0},"end":{"line":132,"column":17}},"132":{"start":{"line":133,"column":0},"end":{"line":133,"column":52}},"133":{"start":{"line":134,"column":0},"end":{"line":134,"column":53}},"134":{"start":{"line":135,"column":0},"end":{"line":135,"column":17}},"135":{"start":{"line":136,"column":0},"end":{"line":136,"column":12}},"136":{"start":{"line":137,"column":0},"end":{"line":137,"column":11}},"138":{"start":{"line":139,"column":0},"end":{"line":139,"column":1}}},"s":{"2":1,"3":1,"4":1,"5":1,"6":1,"7":1,"8":1,"9":1,"10":1,"11":1,"12":1,"14":1,"22":1,"23":57,"24":57,"25":57,"26":57,"27":57,"28":57,"29":57,"32":57,"34":57,"35":57,"36":57,"37":57,"38":57,"39":57,"40":57,"41":57,"42":57,"43":57,"44":57,"45":57,"46":57,"48":57,"50":3,"51":3,"52":3,"53":1,"54":1,"55":1,"57":2,"58":2,"60":2,"62":2,"64":3,"65":1,"67":1,"68":1,"69":1,"70":1,"71":3,"73":57,"74":1,"75":1,"76":1,"77":1,"78":1,"79":1,"80":1,"81":1,"83":1,"85":56,"86":56,"87":56,"88":56,"89":56,"90":56,"91":56,"92":56,"93":56,"94":56,"95":56,"96":56,"97":56,"98":0,"99":0,"100":0,"102":57,"104":57,"105":57,"106":57,"107":57,"108":57,"109":57,"110":0,"111":0,"112":0,"114":57,"115":57,"117":57,"119":57,"120":2,"121":2,"122":2,"124":2,"125":2,"128":57,"129":57,"130":57,"131":57,"132":57,"133":57,"134":57,"135":57,"136":57,"138":57},"branchMap":{"0":{"type":"branch","line":23,"loc":{"start":{"line":23,"column":7},"end":{"line":139,"column":1}},"locations":[{"start":{"line":23,"column":7},"end":{"line":139,"column":1}}]},"1":{"type":"branch","line":38,"loc":{"start":{"line":38,"column":17},"end":{"line":38,"column":40}},"locations":[{"start":{"line":38,"column":17},"end":{"line":38,"column":40}}]},"2":{"type":"branch","line":39,"loc":{"start":{"line":39,"column":16},"end":{"line":39,"column":38}},"locations":[{"start":{"line":39,"column":16},"end":{"line":39,"column":38}}]},"3":{"type":"branch","line":74,"loc":{"start":{"line":74,"column":6},"end":{"line":74,"column":25}},"locations":[{"start":{"line":74,"column":6},"end":{"line":74,"column":25}}]},"4":{"type":"branch","line":74,"loc":{"start":{"line":74,"column":25},"end":{"line":84,"column":3}},"locations":[{"start":{"line":74,"column":25},"end":{"line":84,"column":3}}]},"5":{"type":"branch","line":84,"loc":{"start":{"line":84,"column":2},"end":{"line":98,"column":49}},"locations":[{"start":{"line":84,"column":2},"end":{"line":98,"column":49}}]},"6":{"type":"branch","line":98,"loc":{"start":{"line":98,"column":33},"end":{"line":101,"column":16}},"locations":[{"start":{"line":98,"column":33},"end":{"line":101,"column":16}}]},"7":{"type":"branch","line":110,"loc":{"start":{"line":110,"column":33},"end":{"line":113,"column":16}},"locations":[{"start":{"line":110,"column":33},"end":{"line":113,"column":16}}]},"8":{"type":"branch","line":120,"loc":{"start":{"line":120,"column":7},"end":{"line":126,"column":14}},"locations":[{"start":{"line":120,"column":7},"end":{"line":126,"column":14}}]},"9":{"type":"branch","line":134,"loc":{"start":{"line":134,"column":11},"end":{"line":134,"column":38}},"locations":[{"start":{"line":134,"column":11},"end":{"line":134,"column":38}}]},"10":{"type":"branch","line":134,"loc":{"start":{"line":134,"column":24},"end":{"line":134,"column":53}},"locations":[{"start":{"line":134,"column":24},"end":{"line":134,"column":53}}]},"11":{"type":"branch","line":49,"loc":{"start":{"line":49,"column":2},"end":{"line":72,"column":3}},"locations":[{"start":{"line":49,"column":2},"end":{"line":72,"column":3}}]},"12":{"type":"branch","line":53,"loc":{"start":{"line":53,"column":36},"end":{"line":56,"column":5}},"locations":[{"start":{"line":53,"column":36},"end":{"line":56,"column":5}}]},"13":{"type":"branch","line":56,"loc":{"start":{"line":56,"column":4},"end":{"line":65,"column":19}},"locations":[{"start":{"line":56,"column":4},"end":{"line":65,"column":19}}]},"14":{"type":"branch","line":65,"loc":{"start":{"line":65,"column":19},"end":{"line":71,"column":5}},"locations":[{"start":{"line":65,"column":19},"end":{"line":71,"column":5}}]},"15":{"type":"branch","line":51,"loc":{"start":{"line":51,"column":41},"end":{"line":51,"column":71}},"locations":[{"start":{"line":51,"column":41},"end":{"line":51,"column":71}}]},"16":{"type":"branch","line":51,"loc":{"start":{"line":51,"column":58},"end":{"line":51,"column":71}},"locations":[{"start":{"line":51,"column":58},"end":{"line":51,"column":71}}]},"17":{"type":"branch","line":52,"loc":{"start":{"line":52,"column":42},"end":{"line":52,"column":73}},"locations":[{"start":{"line":52,"column":42},"end":{"line":52,"column":73}}]},"18":{"type":"branch","line":52,"loc":{"start":{"line":52,"column":59},"end":{"line":52,"column":73}},"locations":[{"start":{"line":52,"column":59},"end":{"line":52,"column":73}}]}},"b":{"0":[57],"1":[0],"2":[0],"3":[1],"4":[1],"5":[56],"6":[0],"7":[0],"8":[2],"9":[0],"10":[56],"11":[3],"12":[1],"13":[2],"14":[1],"15":[6],"16":[3],"17":[6],"18":[4]},"fnMap":{"0":{"name":"JournalDraftForm","decl":{"start":{"line":23,"column":7},"end":{"line":139,"column":1}},"loc":{"start":{"line":23,"column":7},"end":{"line":139,"column":1}},"line":23},"1":{"name":"handleSubmit","decl":{"start":{"line":49,"column":2},"end":{"line":72,"column":3}},"loc":{"start":{"line":49,"column":2},"end":{"line":72,"column":3}},"line":49}},"f":{"0":57,"1":3}}
,"C:\\AI-BOS\\NEXUSCANON-AFENDA\\apps\\web\\src\\hooks\\use-debounce.ts": {"path":"C:\\AI-BOS\\NEXUSCANON-AFENDA\\apps\\web\\src\\hooks\\use-debounce.ts","all":false,"statementMap":{"2":{"start":{"line":3,"column":0},"end":{"line":3,"column":44}},"4":{"start":{"line":5,"column":0},"end":{"line":5,"column":60}},"5":{"start":{"line":6,"column":0},"end":{"line":6,"column":62}},"7":{"start":{"line":8,"column":0},"end":{"line":8,"column":19}},"8":{"start":{"line":9,"column":0},"end":{"line":9,"column":70}},"9":{"start":{"line":10,"column":0},"end":{"line":10,"column":37}},"10":{"start":{"line":11,"column":0},"end":{"line":11,"column":23}},"12":{"start":{"line":13,"column":0},"end":{"line":13,"column":24}},"13":{"start":{"line":14,"column":0},"end":{"line":14,"column":1}}},"s":{"2":1,"4":1,"5":11,"7":11,"8":8,"9":8,"10":11,"12":11,"13":11},"branchMap":{"0":{"type":"branch","line":5,"loc":{"start":{"line":5,"column":7},"end":{"line":14,"column":1}},"locations":[{"start":{"line":5,"column":7},"end":{"line":14,"column":1}}]},"1":{"type":"branch","line":8,"loc":{"start":{"line":8,"column":12},"end":{"line":11,"column":5}},"locations":[{"start":{"line":8,"column":12},"end":{"line":11,"column":5}}]},"2":{"type":"branch","line":9,"loc":{"start":{"line":9,"column":29},"end":{"line":9,"column":61}},"locations":[{"start":{"line":9,"column":29},"end":{"line":9,"column":61}}]},"3":{"type":"branch","line":10,"loc":{"start":{"line":10,"column":11},"end":{"line":10,"column":37}},"locations":[{"start":{"line":10,"column":11},"end":{"line":10,"column":37}}]}},"b":{"0":[11],"1":[8],"2":[3],"3":[8]},"fnMap":{"0":{"name":"useDebounce","decl":{"start":{"line":5,"column":7},"end":{"line":14,"column":1}},"loc":{"start":{"line":5,"column":7},"end":{"line":14,"column":1}},"line":5}},"f":{"0":11}}
,"C:\\AI-BOS\\NEXUSCANON-AFENDA\\apps\\web\\src\\hooks\\use-media-query.ts": {"path":"C:\\AI-BOS\\NEXUSCANON-AFENDA\\apps\\web\\src\\hooks\\use-media-query.ts","all":false,"statementMap":{"2":{"start":{"line":3,"column":0},"end":{"line":3,"column":44}},"4":{"start":{"line":5,"column":0},"end":{"line":5,"column":55}},"5":{"start":{"line":6,"column":0},"end":{"line":6,"column":48}},"7":{"start":{"line":8,"column":0},"end":{"line":8,"column":19}},"8":{"start":{"line":9,"column":0},"end":{"line":9,"column":41}},"9":{"start":{"line":10,"column":0},"end":{"line":10,"column":28}},"11":{"start":{"line":12,"column":0},"end":{"line":12,"column":70}},"12":{"start":{"line":13,"column":0},"end":{"line":13,"column":44}},"13":{"start":{"line":14,"column":0},"end":{"line":14,"column":60}},"14":{"start":{"line":15,"column":0},"end":{"line":15,"column":14}},"16":{"start":{"line":17,"column":0},"end":{"line":17,"column":17}},"17":{"start":{"line":18,"column":0},"end":{"line":18,"column":1}},"19":{"start":{"line":20,"column":0},"end":{"line":20,"column":40}},"20":{"start":{"line":21,"column":0},"end":{"line":21,"column":45}},"21":{"start":{"line":22,"column":0},"end":{"line":22,"column":1}}},"s":{"2":1,"4":1,"5":7,"7":7,"8":5,"9":5,"11":5,"12":5,"13":5,"14":7,"16":7,"17":7,"19":1,"20":1,"21":1},"branchMap":{"0":{"type":"branch","line":5,"loc":{"start":{"line":5,"column":7},"end":{"line":18,"column":1}},"locations":[{"start":{"line":5,"column":7},"end":{"line":18,"column":1}}]},"1":{"type":"branch","line":8,"loc":{"start":{"line":8,"column":12},"end":{"line":15,"column":5}},"locations":[{"start":{"line":8,"column":12},"end":{"line":15,"column":5}}]},"2":{"type":"branch","line":12,"loc":{"start":{"line":12,"column":20},"end":{"line":12,"column":70}},"locations":[{"start":{"line":12,"column":20},"end":{"line":12,"column":70}}]},"3":{"type":"branch","line":14,"loc":{"start":{"line":14,"column":11},"end":{"line":14,"column":60}},"locations":[{"start":{"line":14,"column":11},"end":{"line":14,"column":60}}]},"4":{"type":"branch","line":20,"loc":{"start":{"line":20,"column":7},"end":{"line":22,"column":1}},"locations":[{"start":{"line":20,"column":7},"end":{"line":22,"column":1}}]}},"b":{"0":[7],"1":[5],"2":[1],"3":[5],"4":[1]},"fnMap":{"0":{"name":"useMediaQuery","decl":{"start":{"line":5,"column":7},"end":{"line":18,"column":1}},"loc":{"start":{"line":5,"column":7},"end":{"line":18,"column":1}},"line":5},"1":{"name":"handler","decl":{"start":{"line":12,"column":20},"end":{"line":12,"column":70}},"loc":{"start":{"line":12,"column":20},"end":{"line":12,"column":70}},"line":12},"2":{"name":"useIsMobile","decl":{"start":{"line":20,"column":7},"end":{"line":22,"column":1}},"loc":{"start":{"line":20,"column":7},"end":{"line":22,"column":1}},"line":20}},"f":{"0":7,"1":1,"2":1}}
,"C:\\AI-BOS\\NEXUSCANON-AFENDA\\apps\\web\\src\\hooks\\use-receipt.ts": {"path":"C:\\AI-BOS\\NEXUSCANON-AFENDA\\apps\\web\\src\\hooks\\use-receipt.ts","all":false,"statementMap":{"2":{"start":{"line":3,"column":0},"end":{"line":3,"column":46}},"12":{"start":{"line":13,"column":0},"end":{"line":13,"column":48}},"13":{"start":{"line":14,"column":0},"end":{"line":14,"column":70}},"15":{"start":{"line":16,"column":0},"end":{"line":16,"column":58}},"16":{"start":{"line":17,"column":0},"end":{"line":17,"column":18}},"17":{"start":{"line":18,"column":0},"end":{"line":18,"column":9}},"19":{"start":{"line":20,"column":0},"end":{"line":20,"column":42}},"20":{"start":{"line":21,"column":0},"end":{"line":21,"column":21}},"21":{"start":{"line":22,"column":0},"end":{"line":22,"column":9}},"23":{"start":{"line":24,"column":0},"end":{"line":24,"column":10}},"24":{"start":{"line":25,"column":0},"end":{"line":25,"column":12}},"25":{"start":{"line":26,"column":0},"end":{"line":26,"column":16}},"26":{"start":{"line":27,"column":0},"end":{"line":27,"column":17}},"27":{"start":{"line":28,"column":0},"end":{"line":28,"column":29}},"28":{"start":{"line":29,"column":0},"end":{"line":29,"column":4}},"29":{"start":{"line":30,"column":0},"end":{"line":30,"column":1}}},"s":{"2":1,"12":1,"13":68,"15":68,"16":5,"17":68,"19":68,"20":1,"21":68,"23":68,"24":68,"25":68,"26":68,"27":68,"28":68,"29":68},"branchMap":{"0":{"type":"branch","line":13,"loc":{"start":{"line":13,"column":7},"end":{"line":30,"column":1}},"locations":[{"start":{"line":13,"column":7},"end":{"line":30,"column":1}}]},"1":{"type":"branch","line":16,"loc":{"start":{"line":16,"column":34},"end":{"line":18,"column":5}},"locations":[{"start":{"line":16,"column":34},"end":{"line":18,"column":5}}]},"2":{"type":"branch","line":20,"loc":{"start":{"line":20,"column":35},"end":{"line":22,"column":5}},"locations":[{"start":{"line":20,"column":35},"end":{"line":22,"column":5}}]}},"b":{"0":[68],"1":[5],"2":[1]},"fnMap":{"0":{"name":"useReceipt","decl":{"start":{"line":13,"column":7},"end":{"line":30,"column":1}},"loc":{"start":{"line":13,"column":7},"end":{"line":30,"column":1}},"line":13}},"f":{"0":68}}
,"C:\\AI-BOS\\NEXUSCANON-AFENDA\\apps\\web\\src\\lib\\api-client.ts": {"path":"C:\\AI-BOS\\NEXUSCANON-AFENDA\\apps\\web\\src\\lib\\api-client.ts","all":false,"statementMap":{"4":{"start":{"line":5,"column":0},"end":{"line":5,"column":80}},"14":{"start":{"line":15,"column":0},"end":{"line":15,"column":27}},"15":{"start":{"line":16,"column":0},"end":{"line":16,"column":15}},"16":{"start":{"line":17,"column":0},"end":{"line":17,"column":54}},"17":{"start":{"line":18,"column":0},"end":{"line":18,"column":26}},"18":{"start":{"line":19,"column":0},"end":{"line":19,"column":43}},"20":{"start":{"line":21,"column":0},"end":{"line":21,"column":52}},"21":{"start":{"line":22,"column":0},"end":{"line":22,"column":50}},"22":{"start":{"line":23,"column":0},"end":{"line":23,"column":44}},"24":{"start":{"line":25,"column":0},"end":{"line":25,"column":62}},"25":{"start":{"line":26,"column":0},"end":{"line":26,"column":56}},"26":{"start":{"line":27,"column":0},"end":{"line":27,"column":70}},"28":{"start":{"line":29,"column":0},"end":{"line":29,"column":7}},"29":{"start":{"line":30,"column":0},"end":{"line":30,"column":60}},"30":{"start":{"line":31,"column":0},"end":{"line":31,"column":22}},"31":{"start":{"line":32,"column":0},"end":{"line":32,"column":14}},"32":{"start":{"line":33,"column":0},"end":{"line":33,"column":7}},"34":{"start":{"line":35,"column":0},"end":{"line":35,"column":23}},"35":{"start":{"line":36,"column":0},"end":{"line":36,"column":59}},"36":{"start":{"line":37,"column":0},"end":{"line":37,"column":14}},"37":{"start":{"line":38,"column":0},"end":{"line":38,"column":18}},"38":{"start":{"line":39,"column":0},"end":{"line":39,"column":16}},"39":{"start":{"line":40,"column":0},"end":{"line":40,"column":41}},"40":{"start":{"line":41,"column":0},"end":{"line":41,"column":55}},"41":{"start":{"line":42,"column":0},"end":{"line":42,"column":38}},"42":{"start":{"line":43,"column":0},"end":{"line":43,"column":30}},"43":{"start":{"line":44,"column":0},"end":{"line":44,"column":10}},"44":{"start":{"line":45,"column":0},"end":{"line":45,"column":8}},"45":{"start":{"line":46,"column":0},"end":{"line":46,"column":5}},"47":{"start":{"line":48,"column":0},"end":{"line":48,"column":46}},"48":{"start":{"line":49,"column":0},"end":{"line":49,"column":37}},"49":{"start":{"line":50,"column":0},"end":{"line":50,"column":19}},"50":{"start":{"line":51,"column":0},"end":{"line":51,"column":12}},"51":{"start":{"line":52,"column":0},"end":{"line":52,"column":16}},"52":{"start":{"line":53,"column":0},"end":{"line":53,"column":14}},"53":{"start":{"line":54,"column":0},"end":{"line":54,"column":30}},"54":{"start":{"line":55,"column":0},"end":{"line":55,"column":83}},"55":{"start":{"line":56,"column":0},"end":{"line":56,"column":22}},"56":{"start":{"line":57,"column":0},"end":{"line":57,"column":8}},"57":{"start":{"line":58,"column":0},"end":{"line":58,"column":6}},"58":{"start":{"line":59,"column":0},"end":{"line":59,"column":3}},"59":{"start":{"line":60,"column":0},"end":{"line":60,"column":1}},"63":{"start":{"line":64,"column":0},"end":{"line":64,"column":54}},"64":{"start":{"line":65,"column":0},"end":{"line":65,"column":10}},"65":{"start":{"line":66,"column":0},"end":{"line":66,"column":82}},"66":{"start":{"line":67,"column":0},"end":{"line":67,"column":86}},"67":{"start":{"line":68,"column":0},"end":{"line":68,"column":54}},"68":{"start":{"line":69,"column":0},"end":{"line":69,"column":6}},"70":{"start":{"line":71,"column":0},"end":{"line":71,"column":66}},"71":{"start":{"line":72,"column":0},"end":{"line":72,"column":32}},"72":{"start":{"line":73,"column":0},"end":{"line":73,"column":23}},"73":{"start":{"line":74,"column":0},"end":{"line":74,"column":54}},"74":{"start":{"line":75,"column":0},"end":{"line":75,"column":12}},"75":{"start":{"line":76,"column":0},"end":{"line":76,"column":9}},"76":{"start":{"line":77,"column":0},"end":{"line":77,"column":6}},"78":{"start":{"line":79,"column":0},"end":{"line":79,"column":65}},"79":{"start":{"line":80,"column":0},"end":{"line":80,"column":32}},"80":{"start":{"line":81,"column":0},"end":{"line":81,"column":22}},"81":{"start":{"line":82,"column":0},"end":{"line":82,"column":54}},"82":{"start":{"line":83,"column":0},"end":{"line":83,"column":12}},"83":{"start":{"line":84,"column":0},"end":{"line":84,"column":9}},"84":{"start":{"line":85,"column":0},"end":{"line":85,"column":6}},"86":{"start":{"line":87,"column":0},"end":{"line":87,"column":67}},"87":{"start":{"line":88,"column":0},"end":{"line":88,"column":32}},"88":{"start":{"line":89,"column":0},"end":{"line":89,"column":24}},"89":{"start":{"line":90,"column":0},"end":{"line":90,"column":54}},"90":{"start":{"line":91,"column":0},"end":{"line":91,"column":12}},"91":{"start":{"line":92,"column":0},"end":{"line":92,"column":9}},"92":{"start":{"line":93,"column":0},"end":{"line":93,"column":6}},"94":{"start":{"line":95,"column":0},"end":{"line":95,"column":52}},"95":{"start":{"line":96,"column":0},"end":{"line":96,"column":58}},"96":{"start":{"line":97,"column":0},"end":{"line":97,"column":6}},"97":{"start":{"line":98,"column":0},"end":{"line":98,"column":4}},"98":{"start":{"line":99,"column":0},"end":{"line":99,"column":1}},"104":{"start":{"line":105,"column":0},"end":{"line":105,"column":69}},"105":{"start":{"line":106,"column":0},"end":{"line":106,"column":55}},"106":{"start":{"line":107,"column":0},"end":{"line":107,"column":1}},"108":{"start":{"line":109,"column":0},"end":{"line":109,"column":66}},"109":{"start":{"line":110,"column":0},"end":{"line":110,"column":55}},"110":{"start":{"line":111,"column":0},"end":{"line":111,"column":1}},"112":{"start":{"line":113,"column":0},"end":{"line":113,"column":68}},"113":{"start":{"line":114,"column":0},"end":{"line":114,"column":54}},"114":{"start":{"line":115,"column":0},"end":{"line":115,"column":1}}},"s":{"4":1,"14":11,"15":11,"16":11,"17":11,"18":11,"20":11,"21":11,"22":11,"24":11,"25":11,"26":11,"28":11,"29":11,"30":11,"31":11,"32":11,"34":11,"35":3,"36":3,"37":3,"38":3,"39":3,"40":3,"41":3,"42":3,"43":3,"44":3,"45":3,"47":7,"48":7,"49":11,"50":1,"51":1,"52":1,"53":1,"54":1,"55":1,"56":1,"57":1,"58":1,"59":11,"63":1,"64":11,"65":11,"66":7,"67":7,"68":7,"70":11,"71":1,"72":1,"73":1,"74":1,"75":1,"76":1,"78":11,"79":1,"80":1,"81":1,"82":1,"83":1,"84":1,"86":11,"87":1,"88":1,"89":1,"90":1,"91":1,"92":1,"94":11,"95":1,"96":1,"97":11,"98":11,"104":1,"105":3,"106":3,"108":1,"109":3,"110":3,"112":1,"113":4,"114":4},"branchMap":{"0":{"type":"branch","line":15,"loc":{"start":{"line":15,"column":0},"end":{"line":60,"column":1}},"locations":[{"start":{"line":15,"column":0},"end":{"line":60,"column":1}}]},"1":{"type":"branch","line":33,"loc":{"start":{"line":33,"column":5},"end":{"line":35,"column":22}},"locations":[{"start":{"line":33,"column":5},"end":{"line":35,"column":22}}]},"2":{"type":"branch","line":35,"loc":{"start":{"line":35,"column":22},"end":{"line":46,"column":5}},"locations":[{"start":{"line":35,"column":22},"end":{"line":46,"column":5}}]},"3":{"type":"branch","line":40,"loc":{"start":{"line":40,"column":21},"end":{"line":40,"column":41}},"locations":[{"start":{"line":40,"column":21},"end":{"line":40,"column":41}}]},"4":{"type":"branch","line":41,"loc":{"start":{"line":41,"column":24},"end":{"line":41,"column":55}},"locations":[{"start":{"line":41,"column":24},"end":{"line":41,"column":55}}]},"5":{"type":"branch","line":46,"loc":{"start":{"line":46,"column":4},"end":{"line":50,"column":11}},"locations":[{"start":{"line":46,"column":4},"end":{"line":50,"column":11}}]},"6":{"type":"branch","line":50,"loc":{"start":{"line":50,"column":2},"end":{"line":59,"column":3}},"locations":[{"start":{"line":50,"column":2},"end":{"line":59,"column":3}}]},"7":{"type":"branch","line":55,"loc":{"start":{"line":55,"column":48},"end":{"line":55,"column":83}},"locations":[{"start":{"line":55,"column":48},"end":{"line":55,"column":83}}]},"8":{"type":"branch","line":36,"loc":{"start":{"line":36,"column":47},"end":{"line":36,"column":57}},"locations":[{"start":{"line":36,"column":47},"end":{"line":36,"column":57}}]},"9":{"type":"branch","line":64,"loc":{"start":{"line":64,"column":7},"end":{"line":99,"column":1}},"locations":[{"start":{"line":64,"column":7},"end":{"line":99,"column":1}}]},"10":{"type":"branch","line":66,"loc":{"start":{"line":66,"column":4},"end":{"line":69,"column":6}},"locations":[{"start":{"line":66,"column":4},"end":{"line":69,"column":6}}]},"11":{"type":"branch","line":67,"loc":{"start":{"line":67,"column":18},"end":{"line":67,"column":81}},"locations":[{"start":{"line":67,"column":18},"end":{"line":67,"column":81}}]},"12":{"type":"branch","line":67,"loc":{"start":{"line":67,"column":76},"end":{"line":67,"column":86}},"locations":[{"start":{"line":67,"column":76},"end":{"line":67,"column":86}}]},"13":{"type":"branch","line":71,"loc":{"start":{"line":71,"column":4},"end":{"line":77,"column":6}},"locations":[{"start":{"line":71,"column":4},"end":{"line":77,"column":6}}]},"14":{"type":"branch","line":74,"loc":{"start":{"line":74,"column":40},"end":{"line":74,"column":54}},"locations":[{"start":{"line":74,"column":40},"end":{"line":74,"column":54}}]},"15":{"type":"branch","line":79,"loc":{"start":{"line":79,"column":4},"end":{"line":85,"column":6}},"locations":[{"start":{"line":79,"column":4},"end":{"line":85,"column":6}}]},"16":{"type":"branch","line":82,"loc":{"start":{"line":82,"column":40},"end":{"line":82,"column":54}},"locations":[{"start":{"line":82,"column":40},"end":{"line":82,"column":54}}]},"17":{"type":"branch","line":87,"loc":{"start":{"line":87,"column":4},"end":{"line":93,"column":6}},"locations":[{"start":{"line":87,"column":4},"end":{"line":93,"column":6}}]},"18":{"type":"branch","line":90,"loc":{"start":{"line":90,"column":40},"end":{"line":90,"column":54}},"locations":[{"start":{"line":90,"column":40},"end":{"line":90,"column":54}}]},"19":{"type":"branch","line":95,"loc":{"start":{"line":95,"column":4},"end":{"line":97,"column":6}},"locations":[{"start":{"line":95,"column":4},"end":{"line":97,"column":6}}]},"20":{"type":"branch","line":105,"loc":{"start":{"line":105,"column":7},"end":{"line":107,"column":1}},"locations":[{"start":{"line":105,"column":7},"end":{"line":107,"column":1}}]},"21":{"type":"branch","line":106,"loc":{"start":{"line":106,"column":17},"end":{"line":106,"column":55}},"locations":[{"start":{"line":106,"column":17},"end":{"line":106,"column":55}}]},"22":{"type":"branch","line":109,"loc":{"start":{"line":109,"column":7},"end":{"line":111,"column":1}},"locations":[{"start":{"line":109,"column":7},"end":{"line":111,"column":1}}]},"23":{"type":"branch","line":110,"loc":{"start":{"line":110,"column":17},"end":{"line":110,"column":55}},"locations":[{"start":{"line":110,"column":17},"end":{"line":110,"column":55}}]},"24":{"type":"branch","line":113,"loc":{"start":{"line":113,"column":7},"end":{"line":115,"column":1}},"locations":[{"start":{"line":113,"column":7},"end":{"line":115,"column":1}}]},"25":{"type":"branch","line":114,"loc":{"start":{"line":114,"column":17},"end":{"line":114,"column":54}},"locations":[{"start":{"line":114,"column":17},"end":{"line":114,"column":54}}]}},"b":{"0":[11],"1":[10],"2":[3],"3":[1],"4":[1],"5":[7],"6":[1],"7":[0],"8":[1],"9":[11],"10":[7],"11":[1],"12":[6],"13":[1],"14":[0],"15":[1],"16":[0],"17":[1],"18":[0],"19":[1],"20":[3],"21":[2],"22":[3],"23":[2],"24":[4],"25":[3]},"fnMap":{"0":{"name":"apiFetch","decl":{"start":{"line":15,"column":0},"end":{"line":60,"column":1}},"loc":{"start":{"line":15,"column":0},"end":{"line":60,"column":1}},"line":15},"1":{"name":"createApiClient","decl":{"start":{"line":64,"column":7},"end":{"line":99,"column":1}},"loc":{"start":{"line":64,"column":7},"end":{"line":99,"column":1}},"line":64},"2":{"name":"get","decl":{"start":{"line":66,"column":4},"end":{"line":69,"column":6}},"loc":{"start":{"line":66,"column":4},"end":{"line":69,"column":6}},"line":66},"3":{"name":"post","decl":{"start":{"line":71,"column":4},"end":{"line":77,"column":6}},"loc":{"start":{"line":71,"column":4},"end":{"line":77,"column":6}},"line":71},"4":{"name":"put","decl":{"start":{"line":79,"column":4},"end":{"line":85,"column":6}},"loc":{"start":{"line":79,"column":4},"end":{"line":85,"column":6}},"line":79},"5":{"name":"patch","decl":{"start":{"line":87,"column":4},"end":{"line":93,"column":6}},"loc":{"start":{"line":87,"column":4},"end":{"line":93,"column":6}},"line":87},"6":{"name":"delete","decl":{"start":{"line":95,"column":4},"end":{"line":97,"column":6}},"loc":{"start":{"line":95,"column":4},"end":{"line":97,"column":6}},"line":95},"7":{"name":"isUnauthorized","decl":{"start":{"line":105,"column":7},"end":{"line":107,"column":1}},"loc":{"start":{"line":105,"column":7},"end":{"line":107,"column":1}},"line":105},"8":{"name":"isForbidden","decl":{"start":{"line":109,"column":7},"end":{"line":111,"column":1}},"loc":{"start":{"line":109,"column":7},"end":{"line":111,"column":1}},"line":109},"9":{"name":"isServerError","decl":{"start":{"line":113,"column":7},"end":{"line":115,"column":1}},"loc":{"start":{"line":113,"column":7},"end":{"line":115,"column":1}},"line":113}},"f":{"0":11,"1":11,"2":7,"3":1,"4":1,"5":1,"6":1,"7":3,"8":3,"9":4}}
,"C:\\AI-BOS\\NEXUSCANON-AFENDA\\apps\\web\\src\\lib\\constants.ts": {"path":"C:\\AI-BOS\\NEXUSCANON-AFENDA\\apps\\web\\src\\lib\\constants.ts","all":false,"statementMap":{"4":{"start":{"line":5,"column":0},"end":{"line":5,"column":23}},"5":{"start":{"line":6,"column":0},"end":{"line":6,"column":12}},"6":{"start":{"line":7,"column":0},"end":{"line":7,"column":18}},"7":{"start":{"line":8,"column":0},"end":{"line":8,"column":26}},"8":{"start":{"line":9,"column":0},"end":{"line":9,"column":12}},"9":{"start":{"line":10,"column":0},"end":{"line":10,"column":34}},"10":{"start":{"line":11,"column":0},"end":{"line":11,"column":61}},"11":{"start":{"line":12,"column":0},"end":{"line":12,"column":40}},"12":{"start":{"line":13,"column":0},"end":{"line":13,"column":43}},"13":{"start":{"line":14,"column":0},"end":{"line":14,"column":34}},"14":{"start":{"line":15,"column":0},"end":{"line":15,"column":32}},"15":{"start":{"line":16,"column":0},"end":{"line":16,"column":32}},"16":{"start":{"line":17,"column":0},"end":{"line":17,"column":32}},"17":{"start":{"line":18,"column":0},"end":{"line":18,"column":51}},"18":{"start":{"line":19,"column":0},"end":{"line":19,"column":57}},"19":{"start":{"line":20,"column":0},"end":{"line":20,"column":43}},"20":{"start":{"line":21,"column":0},"end":{"line":21,"column":55}},"21":{"start":{"line":22,"column":0},"end":{"line":22,"column":41}},"22":{"start":{"line":23,"column":0},"end":{"line":23,"column":44}},"23":{"start":{"line":24,"column":0},"end":{"line":24,"column":71}},"24":{"start":{"line":25,"column":0},"end":{"line":25,"column":50}},"25":{"start":{"line":26,"column":0},"end":{"line":26,"column":36}},"26":{"start":{"line":27,"column":0},"end":{"line":27,"column":33}},"27":{"start":{"line":28,"column":0},"end":{"line":28,"column":4}},"28":{"start":{"line":29,"column":0},"end":{"line":29,"column":24}},"29":{"start":{"line":30,"column":0},"end":{"line":30,"column":11}},"35":{"start":{"line":36,"column":0},"end":{"line":36,"column":34}},"38":{"start":{"line":39,"column":0},"end":{"line":39,"column":5}},"39":{"start":{"line":40,"column":0},"end":{"line":40,"column":50}},"40":{"start":{"line":41,"column":0},"end":{"line":41,"column":50}},"41":{"start":{"line":42,"column":0},"end":{"line":42,"column":54}},"42":{"start":{"line":43,"column":0},"end":{"line":43,"column":54}},"43":{"start":{"line":44,"column":0},"end":{"line":44,"column":70}},"44":{"start":{"line":45,"column":0},"end":{"line":45,"column":54}},"45":{"start":{"line":46,"column":0},"end":{"line":46,"column":46}},"46":{"start":{"line":47,"column":0},"end":{"line":47,"column":66}},"47":{"start":{"line":48,"column":0},"end":{"line":48,"column":60}},"48":{"start":{"line":49,"column":0},"end":{"line":49,"column":64}},"49":{"start":{"line":50,"column":0},"end":{"line":50,"column":46}},"50":{"start":{"line":51,"column":0},"end":{"line":51,"column":52}},"51":{"start":{"line":52,"column":0},"end":{"line":52,"column":50}},"52":{"start":{"line":53,"column":0},"end":{"line":53,"column":52}},"53":{"start":{"line":54,"column":0},"end":{"line":54,"column":50}},"54":{"start":{"line":55,"column":0},"end":{"line":55,"column":58}},"55":{"start":{"line":56,"column":0},"end":{"line":56,"column":2}},"57":{"start":{"line":58,"column":0},"end":{"line":58,"column":57}},"58":{"start":{"line":59,"column":0},"end":{"line":59,"column":82}},"59":{"start":{"line":60,"column":0},"end":{"line":60,"column":1}},"63":{"start":{"line":64,"column":0},"end":{"line":64,"column":85}},"64":{"start":{"line":65,"column":0},"end":{"line":65,"column":36}},"65":{"start":{"line":66,"column":0},"end":{"line":66,"column":36}},"66":{"start":{"line":67,"column":0},"end":{"line":67,"column":36}},"67":{"start":{"line":68,"column":0},"end":{"line":68,"column":37}},"68":{"start":{"line":69,"column":0},"end":{"line":69,"column":36}},"69":{"start":{"line":70,"column":0},"end":{"line":70,"column":37}},"70":{"start":{"line":71,"column":0},"end":{"line":71,"column":2}},"81":{"start":{"line":82,"column":0},"end":{"line":82,"column":44}},"82":{"start":{"line":83,"column":0},"end":{"line":83,"column":3}},"83":{"start":{"line":84,"column":0},"end":{"line":84,"column":23}},"84":{"start":{"line":85,"column":0},"end":{"line":85,"column":14}},"85":{"start":{"line":86,"column":0},"end":{"line":86,"column":28}},"86":{"start":{"line":87,"column":0},"end":{"line":87,"column":4}},"87":{"start":{"line":88,"column":0},"end":{"line":88,"column":3}},"88":{"start":{"line":89,"column":0},"end":{"line":89,"column":21}},"89":{"start":{"line":90,"column":0},"end":{"line":90,"column":21}},"90":{"start":{"line":91,"column":0},"end":{"line":91,"column":21}},"91":{"start":{"line":92,"column":0},"end":{"line":92,"column":15}},"92":{"start":{"line":93,"column":0},"end":{"line":93,"column":73}},"93":{"start":{"line":94,"column":0},"end":{"line":94,"column":80}},"94":{"start":{"line":95,"column":0},"end":{"line":95,"column":69}},"95":{"start":{"line":96,"column":0},"end":{"line":96,"column":71}},"96":{"start":{"line":97,"column":0},"end":{"line":97,"column":71}},"97":{"start":{"line":98,"column":0},"end":{"line":98,"column":87}},"98":{"start":{"line":99,"column":0},"end":{"line":99,"column":76}},"99":{"start":{"line":100,"column":0},"end":{"line":100,"column":79}},"100":{"start":{"line":101,"column":0},"end":{"line":101,"column":72}},"101":{"start":{"line":102,"column":0},"end":{"line":102,"column":6}},"102":{"start":{"line":103,"column":0},"end":{"line":103,"column":4}},"103":{"start":{"line":104,"column":0},"end":{"line":104,"column":3}},"104":{"start":{"line":105,"column":0},"end":{"line":105,"column":22}},"105":{"start":{"line":106,"column":0},"end":{"line":106,"column":22}},"106":{"start":{"line":107,"column":0},"end":{"line":107,"column":21}},"107":{"start":{"line":108,"column":0},"end":{"line":108,"column":4}},"108":{"start":{"line":109,"column":0},"end":{"line":109,"column":2}}},"s":{"4":1,"5":1,"6":1,"7":1,"8":1,"9":1,"10":1,"11":1,"12":1,"13":1,"14":1,"15":1,"16":1,"17":1,"18":1,"19":1,"20":1,"21":1,"22":1,"23":1,"24":1,"25":1,"26":1,"27":1,"28":1,"29":1,"35":1,"38":1,"39":1,"40":1,"41":1,"42":1,"43":1,"44":1,"45":1,"46":1,"47":1,"48":1,"49":1,"50":1,"51":1,"52":1,"53":1,"54":1,"55":1,"57":1,"58":15,"59":15,"63":1,"64":1,"65":1,"66":1,"67":1,"68":1,"69":1,"70":1,"81":1,"82":1,"83":1,"84":1,"85":1,"86":1,"87":1,"88":1,"89":1,"90":1,"91":1,"92":1,"93":1,"94":1,"95":1,"96":1,"97":1,"98":1,"99":1,"100":1,"101":1,"102":1,"103":1,"104":1,"105":1,"106":1,"107":1,"108":1},"branchMap":{"0":{"type":"branch","line":11,"loc":{"start":{"line":11,"column":19},"end":{"line":11,"column":61}},"locations":[{"start":{"line":11,"column":19},"end":{"line":11,"column":61}}]},"1":{"type":"branch","line":24,"loc":{"start":{"line":24,"column":25},"end":{"line":24,"column":71}},"locations":[{"start":{"line":24,"column":25},"end":{"line":24,"column":71}}]},"2":{"type":"branch","line":58,"loc":{"start":{"line":58,"column":7},"end":{"line":60,"column":1}},"locations":[{"start":{"line":58,"column":7},"end":{"line":60,"column":1}}]},"3":{"type":"branch","line":59,"loc":{"start":{"line":59,"column":28},"end":{"line":59,"column":82}},"locations":[{"start":{"line":59,"column":28},"end":{"line":59,"column":82}}]}},"b":{"0":[2],"1":[1],"2":[15],"3":[2]},"fnMap":{"0":{"name":"journalDetail","decl":{"start":{"line":11,"column":19},"end":{"line":11,"column":61}},"loc":{"start":{"line":11,"column":19},"end":{"line":11,"column":61}},"line":11},"1":{"name":"icTransactionDetail","decl":{"start":{"line":24,"column":25},"end":{"line":24,"column":71}},"loc":{"start":{"line":24,"column":25},"end":{"line":24,"column":71}},"line":24},"2":{"name":"getStatusConfig","decl":{"start":{"line":58,"column":7},"end":{"line":60,"column":1}},"loc":{"start":{"line":58,"column":7},"end":{"line":60,"column":1}},"line":58}},"f":{"0":2,"1":1,"2":15}}
,"C:\\AI-BOS\\NEXUSCANON-AFENDA\\apps\\web\\src\\lib\\format.ts": {"path":"C:\\AI-BOS\\NEXUSCANON-AFENDA\\apps\\web\\src\\lib\\format.ts","all":false,"statementMap":{"0":{"start":{"line":1,"column":0},"end":{"line":1,"column":45}},"4":{"start":{"line":5,"column":0},"end":{"line":5,"column":28}},"5":{"start":{"line":6,"column":0},"end":{"line":6,"column":35}},"6":{"start":{"line":7,"column":0},"end":{"line":7,"column":19}},"7":{"start":{"line":8,"column":0},"end":{"line":8,"column":56}},"8":{"start":{"line":9,"column":0},"end":{"line":9,"column":11}},"9":{"start":{"line":10,"column":0},"end":{"line":10,"column":64}},"10":{"start":{"line":11,"column":0},"end":{"line":11,"column":73}},"12":{"start":{"line":13,"column":0},"end":{"line":13,"column":23}},"13":{"start":{"line":14,"column":0},"end":{"line":14,"column":30}},"14":{"start":{"line":15,"column":0},"end":{"line":15,"column":54}},"15":{"start":{"line":16,"column":0},"end":{"line":16,"column":34}},"16":{"start":{"line":17,"column":0},"end":{"line":17,"column":60}},"17":{"start":{"line":18,"column":0},"end":{"line":18,"column":17}},"19":{"start":{"line":20,"column":0},"end":{"line":20,"column":52}},"20":{"start":{"line":21,"column":0},"end":{"line":21,"column":43}},"21":{"start":{"line":22,"column":0},"end":{"line":22,"column":43}},"22":{"start":{"line":23,"column":0},"end":{"line":23,"column":27}},"24":{"start":{"line":25,"column":0},"end":{"line":25,"column":50}},"25":{"start":{"line":26,"column":0},"end":{"line":26,"column":56}},"26":{"start":{"line":27,"column":0},"end":{"line":27,"column":19}},"27":{"start":{"line":28,"column":0},"end":{"line":28,"column":1}},"31":{"start":{"line":32,"column":0},"end":{"line":32,"column":27}},"32":{"start":{"line":33,"column":0},"end":{"line":33,"column":22}},"33":{"start":{"line":34,"column":0},"end":{"line":34,"column":47}},"34":{"start":{"line":35,"column":0},"end":{"line":35,"column":11}},"35":{"start":{"line":36,"column":0},"end":{"line":36,"column":61}},"37":{"start":{"line":38,"column":0},"end":{"line":38,"column":45}},"38":{"start":{"line":39,"column":0},"end":{"line":39,"column":21}},"39":{"start":{"line":40,"column":0},"end":{"line":40,"column":61}},"40":{"start":{"line":41,"column":0},"end":{"line":41,"column":26}},"41":{"start":{"line":42,"column":0},"end":{"line":42,"column":61}},"42":{"start":{"line":43,"column":0},"end":{"line":43,"column":61}},"44":{"start":{"line":45,"column":0},"end":{"line":45,"column":48}},"45":{"start":{"line":46,"column":0},"end":{"line":46,"column":1}},"47":{"start":{"line":48,"column":0},"end":{"line":48,"column":61}},"48":{"start":{"line":49,"column":0},"end":{"line":49,"column":61}},"49":{"start":{"line":50,"column":0},"end":{"line":50,"column":36}},"50":{"start":{"line":51,"column":0},"end":{"line":51,"column":20}},"51":{"start":{"line":52,"column":0},"end":{"line":52,"column":19}},"52":{"start":{"line":53,"column":0},"end":{"line":53,"column":19}},"53":{"start":{"line":54,"column":0},"end":{"line":54,"column":20}},"54":{"start":{"line":55,"column":0},"end":{"line":55,"column":22}},"55":{"start":{"line":56,"column":0},"end":{"line":56,"column":22}},"56":{"start":{"line":57,"column":0},"end":{"line":57,"column":18}},"57":{"start":{"line":58,"column":0},"end":{"line":58,"column":5}},"58":{"start":{"line":59,"column":0},"end":{"line":59,"column":1}},"60":{"start":{"line":61,"column":0},"end":{"line":61,"column":65}},"61":{"start":{"line":62,"column":0},"end":{"line":62,"column":61}},"62":{"start":{"line":63,"column":0},"end":{"line":63,"column":25}},"63":{"start":{"line":64,"column":0},"end":{"line":64,"column":45}},"64":{"start":{"line":65,"column":0},"end":{"line":65,"column":47}},"65":{"start":{"line":66,"column":0},"end":{"line":66,"column":51}},"66":{"start":{"line":67,"column":0},"end":{"line":67,"column":51}},"68":{"start":{"line":69,"column":0},"end":{"line":69,"column":38}},"69":{"start":{"line":70,"column":0},"end":{"line":70,"column":47}},"70":{"start":{"line":71,"column":0},"end":{"line":71,"column":49}},"71":{"start":{"line":72,"column":0},"end":{"line":72,"column":46}},"72":{"start":{"line":73,"column":0},"end":{"line":73,"column":32}},"73":{"start":{"line":74,"column":0},"end":{"line":74,"column":1}},"77":{"start":{"line":78,"column":0},"end":{"line":78,"column":67}},"78":{"start":{"line":79,"column":0},"end":{"line":79,"column":41}},"79":{"start":{"line":80,"column":0},"end":{"line":80,"column":36}},"80":{"start":{"line":81,"column":0},"end":{"line":81,"column":36}},"81":{"start":{"line":82,"column":0},"end":{"line":82,"column":19}},"82":{"start":{"line":83,"column":0},"end":{"line":83,"column":1}},"84":{"start":{"line":85,"column":0},"end":{"line":85,"column":68}},"85":{"start":{"line":86,"column":0},"end":{"line":86,"column":47}},"86":{"start":{"line":87,"column":0},"end":{"line":87,"column":1}},"90":{"start":{"line":91,"column":0},"end":{"line":91,"column":59}},"91":{"start":{"line":92,"column":0},"end":{"line":92,"column":36}},"92":{"start":{"line":93,"column":0},"end":{"line":93,"column":34}},"93":{"start":{"line":94,"column":0},"end":{"line":94,"column":1}}},"s":{"0":1,"4":1,"5":129,"6":129,"7":129,"8":129,"9":129,"10":129,"12":129,"13":129,"14":2,"15":127,"16":2,"17":125,"19":129,"20":129,"21":129,"22":129,"24":129,"25":127,"26":0,"27":0,"31":1,"32":11,"33":11,"34":11,"35":11,"37":11,"38":11,"39":2,"40":9,"41":7,"42":2,"44":11,"45":11,"47":1,"48":32,"49":32,"50":32,"51":32,"52":32,"53":32,"54":32,"55":32,"56":32,"57":32,"58":32,"60":1,"61":18,"62":18,"63":18,"64":18,"65":18,"66":18,"68":18,"69":18,"70":0,"71":0,"72":0,"73":0,"77":1,"78":2,"79":2,"80":2,"81":2,"82":2,"84":1,"85":2,"86":2,"90":1,"91":16,"92":14,"93":14},"branchMap":{"0":{"type":"branch","line":5,"loc":{"start":{"line":5,"column":7},"end":{"line":28,"column":1}},"locations":[{"start":{"line":5,"column":7},"end":{"line":28,"column":1}}]},"1":{"type":"branch","line":10,"loc":{"start":{"line":10,"column":50},"end":{"line":10,"column":64}},"locations":[{"start":{"line":10,"column":50},"end":{"line":10,"column":64}}]},"2":{"type":"branch","line":11,"loc":{"start":{"line":11,"column":40},"end":{"line":11,"column":73}},"locations":[{"start":{"line":11,"column":40},"end":{"line":11,"column":73}}]},"3":{"type":"branch","line":14,"loc":{"start":{"line":14,"column":22},"end":{"line":15,"column":54}},"locations":[{"start":{"line":14,"column":22},"end":{"line":15,"column":54}}]},"4":{"type":"branch","line":15,"loc":{"start":{"line":15,"column":53},"end":{"line":18,"column":17}},"locations":[{"start":{"line":15,"column":53},"end":{"line":18,"column":17}}]},"5":{"type":"branch","line":16,"loc":{"start":{"line":16,"column":26},"end":{"line":17,"column":60}},"locations":[{"start":{"line":16,"column":26},"end":{"line":17,"column":60}}]},"6":{"type":"branch","line":17,"loc":{"start":{"line":17,"column":59},"end":{"line":18,"column":17}},"locations":[{"start":{"line":17,"column":59},"end":{"line":18,"column":17}}]},"7":{"type":"branch","line":25,"loc":{"start":{"line":25,"column":16},"end":{"line":25,"column":50}},"locations":[{"start":{"line":25,"column":16},"end":{"line":25,"column":50}}]},"8":{"type":"branch","line":25,"loc":{"start":{"line":25,"column":47},"end":{"line":26,"column":56}},"locations":[{"start":{"line":25,"column":47},"end":{"line":26,"column":56}}]},"9":{"type":"branch","line":26,"loc":{"start":{"line":26,"column":53},"end":{"line":28,"column":1}},"locations":[{"start":{"line":26,"column":53},"end":{"line":28,"column":1}}]},"10":{"type":"branch","line":32,"loc":{"start":{"line":32,"column":7},"end":{"line":46,"column":1}},"locations":[{"start":{"line":32,"column":7},"end":{"line":46,"column":1}}]},"11":{"type":"branch","line":36,"loc":{"start":{"line":36,"column":28},"end":{"line":36,"column":56}},"locations":[{"start":{"line":36,"column":28},"end":{"line":36,"column":56}}]},"12":{"type":"branch","line":36,"loc":{"start":{"line":36,"column":52},"end":{"line":36,"column":61}},"locations":[{"start":{"line":36,"column":52},"end":{"line":36,"column":61}}]},"13":{"type":"branch","line":39,"loc":{"start":{"line":39,"column":14},"end":{"line":40,"column":61}},"locations":[{"start":{"line":39,"column":14},"end":{"line":40,"column":61}}]},"14":{"type":"branch","line":40,"loc":{"start":{"line":40,"column":60},"end":{"line":43,"column":61}},"locations":[{"start":{"line":40,"column":60},"end":{"line":43,"column":61}}]},"15":{"type":"branch","line":41,"loc":{"start":{"line":41,"column":18},"end":{"line":42,"column":61}},"locations":[{"start":{"line":41,"column":18},"end":{"line":42,"column":61}}]},"16":{"type":"branch","line":42,"loc":{"start":{"line":42,"column":60},"end":{"line":43,"column":61}},"locations":[{"start":{"line":42,"column":60},"end":{"line":43,"column":61}}]},"17":{"type":"branch","line":48,"loc":{"start":{"line":48,"column":7},"end":{"line":59,"column":1}},"locations":[{"start":{"line":48,"column":7},"end":{"line":59,"column":1}}]},"18":{"type":"branch","line":49,"loc":{"start":{"line":49,"column":52},"end":{"line":49,"column":61}},"locations":[{"start":{"line":49,"column":52},"end":{"line":49,"column":61}}]},"19":{"type":"branch","line":61,"loc":{"start":{"line":61,"column":7},"end":{"line":74,"column":1}},"locations":[{"start":{"line":61,"column":7},"end":{"line":74,"column":1}}]},"20":{"type":"branch","line":62,"loc":{"start":{"line":62,"column":52},"end":{"line":62,"column":61}},"locations":[{"start":{"line":62,"column":52},"end":{"line":62,"column":61}}]},"21":{"type":"branch","line":69,"loc":{"start":{"line":69,"column":20},"end":{"line":69,"column":38}},"locations":[{"start":{"line":69,"column":20},"end":{"line":69,"column":38}}]},"22":{"type":"branch","line":70,"loc":{"start":{"line":70,"column":39},"end":{"line":74,"column":1}},"locations":[{"start":{"line":70,"column":39},"end":{"line":74,"column":1}}]},"23":{"type":"branch","line":78,"loc":{"start":{"line":78,"column":7},"end":{"line":83,"column":1}},"locations":[{"start":{"line":78,"column":7},"end":{"line":83,"column":1}}]},"24":{"type":"branch","line":85,"loc":{"start":{"line":85,"column":7},"end":{"line":87,"column":1}},"locations":[{"start":{"line":85,"column":7},"end":{"line":87,"column":1}}]},"25":{"type":"branch","line":91,"loc":{"start":{"line":91,"column":7},"end":{"line":94,"column":1}},"locations":[{"start":{"line":91,"column":7},"end":{"line":94,"column":1}}]},"26":{"type":"branch","line":92,"loc":{"start":{"line":92,"column":26},"end":{"line":92,"column":36}},"locations":[{"start":{"line":92,"column":26},"end":{"line":92,"column":36}}]},"27":{"type":"branch","line":92,"loc":{"start":{"line":92,"column":33},"end":{"line":94,"column":1}},"locations":[{"start":{"line":92,"column":33},"end":{"line":94,"column":1}}]}},"b":{"0":[129],"1":[6],"2":[1],"3":[2],"4":[127],"5":[2],"6":[125],"7":[2],"8":[127],"9":[0],"10":[11],"11":[9],"12":[2],"13":[2],"14":[9],"15":[7],"16":[2],"17":[32],"18":[0],"19":[18],"20":[0],"21":[0],"22":[0],"23":[2],"24":[2],"25":[16],"26":[2],"27":[14]},"fnMap":{"0":{"name":"formatMoney","decl":{"start":{"line":5,"column":7},"end":{"line":28,"column":1}},"loc":{"start":{"line":5,"column":7},"end":{"line":28,"column":1}},"line":5},"1":{"name":"formatDate","decl":{"start":{"line":32,"column":7},"end":{"line":46,"column":1}},"loc":{"start":{"line":32,"column":7},"end":{"line":46,"column":1}},"line":32},"2":{"name":"formatDateTime","decl":{"start":{"line":48,"column":7},"end":{"line":59,"column":1}},"loc":{"start":{"line":48,"column":7},"end":{"line":59,"column":1}},"line":48},"3":{"name":"formatRelativeTime","decl":{"start":{"line":61,"column":7},"end":{"line":74,"column":1}},"loc":{"start":{"line":61,"column":7},"end":{"line":74,"column":1}},"line":61},"4":{"name":"formatNumber","decl":{"start":{"line":78,"column":7},"end":{"line":83,"column":1}},"loc":{"start":{"line":78,"column":7},"end":{"line":83,"column":1}},"line":78},"5":{"name":"formatPercent","decl":{"start":{"line":85,"column":7},"end":{"line":87,"column":1}},"loc":{"start":{"line":85,"column":7},"end":{"line":87,"column":1}},"line":85},"6":{"name":"truncateId","decl":{"start":{"line":91,"column":7},"end":{"line":94,"column":1}},"loc":{"start":{"line":91,"column":7},"end":{"line":94,"column":1}},"line":91}},"f":{"0":129,"1":11,"2":32,"3":18,"4":2,"5":2,"6":16}}
,"C:\\AI-BOS\\NEXUSCANON-AFENDA\\apps\\web\\src\\lib\\utils.ts": {"path":"C:\\AI-BOS\\NEXUSCANON-AFENDA\\apps\\web\\src\\lib\\utils.ts","all":false,"statementMap":{"0":{"start":{"line":1,"column":0},"end":{"line":1,"column":45}},"1":{"start":{"line":2,"column":0},"end":{"line":2,"column":41}},"3":{"start":{"line":4,"column":0},"end":{"line":4,"column":45}},"4":{"start":{"line":5,"column":0},"end":{"line":5,"column":31}},"5":{"start":{"line":6,"column":0},"end":{"line":6,"column":1}}},"s":{"0":1,"1":1,"3":1,"4":2570,"5":2570},"branchMap":{"0":{"type":"branch","line":4,"loc":{"start":{"line":4,"column":7},"end":{"line":6,"column":1}},"locations":[{"start":{"line":4,"column":7},"end":{"line":6,"column":1}}]}},"b":{"0":[2570]},"fnMap":{"0":{"name":"cn","decl":{"start":{"line":4,"column":7},"end":{"line":6,"column":1}},"loc":{"start":{"line":4,"column":7},"end":{"line":6,"column":1}},"line":4}},"f":{"0":2570}}
,"C:\\AI-BOS\\NEXUSCANON-AFENDA\\apps\\web\\src\\providers\\theme-provider.tsx": {"path":"C:\\AI-BOS\\NEXUSCANON-AFENDA\\apps\\web\\src\\providers\\theme-provider.tsx","all":false,"statementMap":{"2":{"start":{"line":3,"column":0},"end":{"line":3,"column":66}},"5":{"start":{"line":6,"column":0},"end":{"line":6,"column":31}},"6":{"start":{"line":7,"column":0},"end":{"line":7,"column":11}},"7":{"start":{"line":8,"column":0},"end":{"line":8,"column":26}},"8":{"start":{"line":9,"column":0},"end":{"line":9,"column":4}},"11":{"start":{"line":12,"column":0},"end":{"line":12,"column":4}},"12":{"start":{"line":13,"column":0},"end":{"line":13,"column":10}},"13":{"start":{"line":14,"column":0},"end":{"line":14,"column":23}},"14":{"start":{"line":15,"column":0},"end":{"line":15,"column":23}},"15":{"start":{"line":16,"column":0},"end":{"line":16,"column":33}},"16":{"start":{"line":17,"column":0},"end":{"line":17,"column":18}},"17":{"start":{"line":18,"column":0},"end":{"line":18,"column":31}},"19":{"start":{"line":20,"column":0},"end":{"line":20,"column":16}},"20":{"start":{"line":21,"column":0},"end":{"line":21,"column":25}},"22":{"start":{"line":23,"column":0},"end":{"line":23,"column":1}}},"s":{"2":1,"5":1,"6":77,"7":77,"8":77,"11":77,"12":77,"13":77,"14":77,"15":77,"16":77,"17":77,"19":77,"20":77,"22":77},"branchMap":{"0":{"type":"branch","line":6,"loc":{"start":{"line":6,"column":7},"end":{"line":23,"column":1}},"locations":[{"start":{"line":6,"column":7},"end":{"line":23,"column":1}}]}},"b":{"0":[77]},"fnMap":{"0":{"name":"ThemeProvider","decl":{"start":{"line":6,"column":7},"end":{"line":23,"column":1}},"loc":{"start":{"line":6,"column":7},"end":{"line":23,"column":1}},"line":6}},"f":{"0":77}}
}
